<?xml version="1.0" encoding="utf-8"?><testsuites><testsuite name="pytest" errors="0" failures="0" skipped="2" tests="931" time="0.490" timestamp="2024-09-05T15:30:52.195779" hostname="FXH2VMVYFF"><testcase classname="tests.indexes.test_numpy_compat" name="test_numpy_ufuncs_out[string]" time="0.001" /><testcase classname="tests.indexes.test_numpy_compat" name="test_numpy_ufuncs_out[datetime]" time="0.000" /><testcase classname="tests.indexes.test_numpy_compat" name="test_numpy_ufuncs_out[datetime-tz]" time="0.000" /><testcase classname="tests.indexes.test_numpy_compat" name="test_numpy_ufuncs_out[period]" time="0.000" /><testcase classname="tests.indexes.test_numpy_compat" name="test_numpy_ufuncs_out[timedelta]" time="0.000" /><testcase classname="tests.indexes.test_numpy_compat" name="test_numpy_ufuncs_out[range]" time="0.000" /><testcase classname="tests.indexes.test_numpy_compat" name="test_numpy_ufuncs_out[int8]" time="0.000" /><testcase classname="tests.indexes.test_numpy_compat" name="test_numpy_ufuncs_out[int16]" time="0.000" /><testcase classname="tests.indexes.test_numpy_compat" name="test_numpy_ufuncs_out[int32]" time="0.000" /><testcase classname="tests.indexes.test_numpy_compat" name="test_numpy_ufuncs_out[int64]" time="0.000" /><testcase classname="tests.indexes.test_numpy_compat" name="test_numpy_ufuncs_out[uint8]" time="0.000" /><testcase classname="tests.indexes.test_numpy_compat" name="test_numpy_ufuncs_out[uint16]" time="0.000" /><testcase classname="tests.indexes.test_numpy_compat" name="test_numpy_ufuncs_out[uint32]" time="0.000" /><testcase classname="tests.indexes.test_numpy_compat" name="test_numpy_ufuncs_out[uint64]" time="0.000" /><testcase classname="tests.indexes.test_numpy_compat" name="test_numpy_ufuncs_out[float32]" time="0.000" /><testcase classname="tests.indexes.test_numpy_compat" name="test_numpy_ufuncs_out[float64]" time="0.000" /><testcase classname="tests.indexes.test_numpy_compat" name="test_numpy_ufuncs_out[bool-object]" time="0.000" /><testcase classname="tests.indexes.test_numpy_compat" name="test_numpy_ufuncs_out[bool-dtype]" time="0.000" /><testcase classname="tests.indexes.test_numpy_compat" name="test_numpy_ufuncs_out[complex64]" time="0.000" /><testcase classname="tests.indexes.test_numpy_compat" name="test_numpy_ufuncs_out[complex128]" time="0.000" /><testcase classname="tests.indexes.test_numpy_compat" name="test_numpy_ufuncs_out[categorical]" time="0.000" /><testcase classname="tests.indexes.test_numpy_compat" name="test_numpy_ufuncs_out[interval]" time="0.000" /><testcase classname="tests.indexes.test_numpy_compat" name="test_numpy_ufuncs_out[empty]" time="0.000" /><testcase classname="tests.indexes.test_numpy_compat" name="test_numpy_ufuncs_out[tuples]" time="0.000" /><testcase classname="tests.indexes.test_numpy_compat" name="test_numpy_ufuncs_out[mi-with-dt64tz-level]" time="0.000" /><testcase classname="tests.indexes.test_numpy_compat" name="test_numpy_ufuncs_out[multi]" time="0.000" /><testcase classname="tests.indexes.test_numpy_compat" name="test_numpy_ufuncs_out[repeats]" time="0.000" /><testcase classname="tests.indexes.test_numpy_compat" name="test_numpy_ufuncs_out[nullable_int]" time="0.000" /><testcase classname="tests.indexes.test_numpy_compat" name="test_numpy_ufuncs_out[nullable_uint]" time="0.000" /><testcase classname="tests.indexes.test_numpy_compat" name="test_numpy_ufuncs_out[nullable_float]" time="0.000" /><testcase classname="tests.indexes.test_numpy_compat" name="test_numpy_ufuncs_out[nullable_bool]" time="0.000" /><testcase classname="tests.indexes.test_numpy_compat" name="test_numpy_ufuncs_out[string-python]" time="0.000" /><testcase classname="tests.indexes.test_numpy_compat" name="test_numpy_ufuncs_basic[string-exp]" time="0.000" /><testcase classname="tests.indexes.test_numpy_compat" name="test_numpy_ufuncs_basic[string-exp2]" time="0.000" /><testcase classname="tests.indexes.test_numpy_compat" name="test_numpy_ufuncs_basic[string-expm1]" time="0.000" /><testcase classname="tests.indexes.test_numpy_compat" name="test_numpy_ufuncs_basic[string-log]" time="0.000" /><testcase classname="tests.indexes.test_numpy_compat" name="test_numpy_ufuncs_basic[string-log2]" time="0.000" /><testcase classname="tests.indexes.test_numpy_compat" name="test_numpy_ufuncs_basic[string-log10]" time="0.000" /><testcase classname="tests.indexes.test_numpy_compat" name="test_numpy_ufuncs_basic[string-log1p]" time="0.000" /><testcase classname="tests.indexes.test_numpy_compat" name="test_numpy_ufuncs_basic[string-sqrt]" time="0.000" /><testcase classname="tests.indexes.test_numpy_compat" name="test_numpy_ufuncs_basic[string-sin]" time="0.000" /><testcase classname="tests.indexes.test_numpy_compat" name="test_numpy_ufuncs_basic[string-cos]" time="0.000" /><testcase classname="tests.indexes.test_numpy_compat" name="test_numpy_ufuncs_basic[string-tan]" time="0.000" /><testcase classname="tests.indexes.test_numpy_compat" name="test_numpy_ufuncs_basic[string-arcsin]" time="0.000" /><testcase classname="tests.indexes.test_numpy_compat" name="test_numpy_ufuncs_basic[string-arccos]" time="0.000" /><testcase classname="tests.indexes.test_numpy_compat" name="test_numpy_ufuncs_basic[string-arctan]" time="0.000" /><testcase classname="tests.indexes.test_numpy_compat" name="test_numpy_ufuncs_basic[string-sinh]" time="0.000" /><testcase classname="tests.indexes.test_numpy_compat" name="test_numpy_ufuncs_basic[string-cosh]" time="0.000" /><testcase classname="tests.indexes.test_numpy_compat" name="test_numpy_ufuncs_basic[string-tanh]" time="0.000" /><testcase classname="tests.indexes.test_numpy_compat" name="test_numpy_ufuncs_basic[string-arcsinh]" time="0.000" /><testcase classname="tests.indexes.test_numpy_compat" name="test_numpy_ufuncs_basic[string-arccosh]" time="0.000" /><testcase classname="tests.indexes.test_numpy_compat" name="test_numpy_ufuncs_basic[string-arctanh]" time="0.000" /><testcase classname="tests.indexes.test_numpy_compat" name="test_numpy_ufuncs_basic[string-deg2rad]" time="0.000" /><testcase classname="tests.indexes.test_numpy_compat" name="test_numpy_ufuncs_basic[string-rad2deg]" time="0.000" /><testcase classname="tests.indexes.test_numpy_compat" name="test_numpy_ufuncs_basic[datetime-exp]" time="0.000" /><testcase classname="tests.indexes.test_numpy_compat" name="test_numpy_ufuncs_basic[datetime-exp2]" time="0.000" /><testcase classname="tests.indexes.test_numpy_compat" name="test_numpy_ufuncs_basic[datetime-expm1]" time="0.000" /><testcase classname="tests.indexes.test_numpy_compat" name="test_numpy_ufuncs_basic[datetime-log]" time="0.000" /><testcase classname="tests.indexes.test_numpy_compat" name="test_numpy_ufuncs_basic[datetime-log2]" time="0.000" /><testcase classname="tests.indexes.test_numpy_compat" name="test_numpy_ufuncs_basic[datetime-log10]" time="0.000" /><testcase classname="tests.indexes.test_numpy_compat" name="test_numpy_ufuncs_basic[datetime-log1p]" time="0.000" /><testcase classname="tests.indexes.test_numpy_compat" name="test_numpy_ufuncs_basic[datetime-sqrt]" time="0.000" /><testcase classname="tests.indexes.test_numpy_compat" name="test_numpy_ufuncs_basic[datetime-sin]" time="0.000" /><testcase classname="tests.indexes.test_numpy_compat" name="test_numpy_ufuncs_basic[datetime-cos]" time="0.000" /><testcase classname="tests.indexes.test_numpy_compat" name="test_numpy_ufuncs_basic[datetime-tan]" time="0.000" /><testcase classname="tests.indexes.test_numpy_compat" name="test_numpy_ufuncs_basic[datetime-arcsin]" time="0.000" /><testcase classname="tests.indexes.test_numpy_compat" name="test_numpy_ufuncs_basic[datetime-arccos]" time="0.000" /><testcase classname="tests.indexes.test_numpy_compat" name="test_numpy_ufuncs_basic[datetime-arctan]" time="0.000" /><testcase classname="tests.indexes.test_numpy_compat" name="test_numpy_ufuncs_basic[datetime-sinh]" time="0.000" /><testcase classname="tests.indexes.test_numpy_compat" name="test_numpy_ufuncs_basic[datetime-cosh]" time="0.000" /><testcase classname="tests.indexes.test_numpy_compat" name="test_numpy_ufuncs_basic[datetime-tanh]" time="0.000" /><testcase classname="tests.indexes.test_numpy_compat" name="test_numpy_ufuncs_basic[datetime-arcsinh]" time="0.000" /><testcase classname="tests.indexes.test_numpy_compat" name="test_numpy_ufuncs_basic[datetime-arccosh]" time="0.000" /><testcase classname="tests.indexes.test_numpy_compat" name="test_numpy_ufuncs_basic[datetime-arctanh]" time="0.000" /><testcase classname="tests.indexes.test_numpy_compat" name="test_numpy_ufuncs_basic[datetime-deg2rad]" time="0.000" /><testcase classname="tests.indexes.test_numpy_compat" name="test_numpy_ufuncs_basic[datetime-rad2deg]" time="0.000" /><testcase classname="tests.indexes.test_numpy_compat" name="test_numpy_ufuncs_basic[datetime-tz-exp]" time="0.000" /><testcase classname="tests.indexes.test_numpy_compat" name="test_numpy_ufuncs_basic[datetime-tz-exp2]" time="0.000" /><testcase classname="tests.indexes.test_numpy_compat" name="test_numpy_ufuncs_basic[datetime-tz-expm1]" time="0.000" /><testcase classname="tests.indexes.test_numpy_compat" name="test_numpy_ufuncs_basic[datetime-tz-log]" time="0.000" /><testcase classname="tests.indexes.test_numpy_compat" name="test_numpy_ufuncs_basic[datetime-tz-log2]" time="0.000" /><testcase classname="tests.indexes.test_numpy_compat" name="test_numpy_ufuncs_basic[datetime-tz-log10]" time="0.000" /><testcase classname="tests.indexes.test_numpy_compat" name="test_numpy_ufuncs_basic[datetime-tz-log1p]" time="0.000" /><testcase classname="tests.indexes.test_numpy_compat" name="test_numpy_ufuncs_basic[datetime-tz-sqrt]" time="0.000" /><testcase classname="tests.indexes.test_numpy_compat" name="test_numpy_ufuncs_basic[datetime-tz-sin]" time="0.000" /><testcase classname="tests.indexes.test_numpy_compat" name="test_numpy_ufuncs_basic[datetime-tz-cos]" time="0.000" /><testcase classname="tests.indexes.test_numpy_compat" name="test_numpy_ufuncs_basic[datetime-tz-tan]" time="0.000" /><testcase classname="tests.indexes.test_numpy_compat" name="test_numpy_ufuncs_basic[datetime-tz-arcsin]" time="0.000" /><testcase classname="tests.indexes.test_numpy_compat" name="test_numpy_ufuncs_basic[datetime-tz-arccos]" time="0.000" /><testcase classname="tests.indexes.test_numpy_compat" name="test_numpy_ufuncs_basic[datetime-tz-arctan]" time="0.000" /><testcase classname="tests.indexes.test_numpy_compat" name="test_numpy_ufuncs_basic[datetime-tz-sinh]" time="0.000" /><testcase classname="tests.indexes.test_numpy_compat" name="test_numpy_ufuncs_basic[datetime-tz-cosh]" time="0.000" /><testcase classname="tests.indexes.test_numpy_compat" name="test_numpy_ufuncs_basic[datetime-tz-tanh]" time="0.000" /><testcase classname="tests.indexes.test_numpy_compat" name="test_numpy_ufuncs_basic[datetime-tz-arcsinh]" time="0.000" /><testcase classname="tests.indexes.test_numpy_compat" name="test_numpy_ufuncs_basic[datetime-tz-arccosh]" time="0.000" /><testcase classname="tests.indexes.test_numpy_compat" name="test_numpy_ufuncs_basic[datetime-tz-arctanh]" time="0.000" /><testcase classname="tests.indexes.test_numpy_compat" name="test_numpy_ufuncs_basic[datetime-tz-deg2rad]" time="0.000" /><testcase classname="tests.indexes.test_numpy_compat" name="test_numpy_ufuncs_basic[datetime-tz-rad2deg]" time="0.000" /><testcase classname="tests.indexes.test_numpy_compat" name="test_numpy_ufuncs_basic[period-exp]" time="0.000" /><testcase classname="tests.indexes.test_numpy_compat" name="test_numpy_ufuncs_basic[period-exp2]" time="0.000" /><testcase classname="tests.indexes.test_numpy_compat" name="test_numpy_ufuncs_basic[period-expm1]" time="0.000" /><testcase classname="tests.indexes.test_numpy_compat" name="test_numpy_ufuncs_basic[period-log]" time="0.000" /><testcase classname="tests.indexes.test_numpy_compat" name="test_numpy_ufuncs_basic[period-log2]" time="0.000" /><testcase classname="tests.indexes.test_numpy_compat" name="test_numpy_ufuncs_basic[period-log10]" time="0.000" /><testcase classname="tests.indexes.test_numpy_compat" name="test_numpy_ufuncs_basic[period-log1p]" time="0.000" /><testcase classname="tests.indexes.test_numpy_compat" name="test_numpy_ufuncs_basic[period-sqrt]" time="0.000" /><testcase classname="tests.indexes.test_numpy_compat" name="test_numpy_ufuncs_basic[period-sin]" time="0.000" /><testcase classname="tests.indexes.test_numpy_compat" name="test_numpy_ufuncs_basic[period-cos]" time="0.000" /><testcase classname="tests.indexes.test_numpy_compat" name="test_numpy_ufuncs_basic[period-tan]" time="0.000" /><testcase classname="tests.indexes.test_numpy_compat" name="test_numpy_ufuncs_basic[period-arcsin]" time="0.000" /><testcase classname="tests.indexes.test_numpy_compat" name="test_numpy_ufuncs_basic[period-arccos]" time="0.000" /><testcase classname="tests.indexes.test_numpy_compat" name="test_numpy_ufuncs_basic[period-arctan]" time="0.000" /><testcase classname="tests.indexes.test_numpy_compat" name="test_numpy_ufuncs_basic[period-sinh]" time="0.000" /><testcase classname="tests.indexes.test_numpy_compat" name="test_numpy_ufuncs_basic[period-cosh]" time="0.000" /><testcase classname="tests.indexes.test_numpy_compat" name="test_numpy_ufuncs_basic[period-tanh]" time="0.000" /><testcase classname="tests.indexes.test_numpy_compat" name="test_numpy_ufuncs_basic[period-arcsinh]" time="0.000" /><testcase classname="tests.indexes.test_numpy_compat" name="test_numpy_ufuncs_basic[period-arccosh]" time="0.000" /><testcase classname="tests.indexes.test_numpy_compat" name="test_numpy_ufuncs_basic[period-arctanh]" time="0.000" /><testcase classname="tests.indexes.test_numpy_compat" name="test_numpy_ufuncs_basic[period-deg2rad]" time="0.000" /><testcase classname="tests.indexes.test_numpy_compat" name="test_numpy_ufuncs_basic[period-rad2deg]" time="0.000" /><testcase classname="tests.indexes.test_numpy_compat" name="test_numpy_ufuncs_basic[timedelta-exp]" time="0.000" /><testcase classname="tests.indexes.test_numpy_compat" name="test_numpy_ufuncs_basic[timedelta-exp2]" time="0.000" /><testcase classname="tests.indexes.test_numpy_compat" name="test_numpy_ufuncs_basic[timedelta-expm1]" time="0.000" /><testcase classname="tests.indexes.test_numpy_compat" name="test_numpy_ufuncs_basic[timedelta-log]" time="0.000" /><testcase classname="tests.indexes.test_numpy_compat" name="test_numpy_ufuncs_basic[timedelta-log2]" time="0.000" /><testcase classname="tests.indexes.test_numpy_compat" name="test_numpy_ufuncs_basic[timedelta-log10]" time="0.000" /><testcase classname="tests.indexes.test_numpy_compat" name="test_numpy_ufuncs_basic[timedelta-log1p]" time="0.000" /><testcase classname="tests.indexes.test_numpy_compat" name="test_numpy_ufuncs_basic[timedelta-sqrt]" time="0.000" /><testcase classname="tests.indexes.test_numpy_compat" name="test_numpy_ufuncs_basic[timedelta-sin]" time="0.000" /><testcase classname="tests.indexes.test_numpy_compat" name="test_numpy_ufuncs_basic[timedelta-cos]" time="0.000" /><testcase classname="tests.indexes.test_numpy_compat" name="test_numpy_ufuncs_basic[timedelta-tan]" time="0.000" /><testcase classname="tests.indexes.test_numpy_compat" name="test_numpy_ufuncs_basic[timedelta-arcsin]" time="0.000" /><testcase classname="tests.indexes.test_numpy_compat" name="test_numpy_ufuncs_basic[timedelta-arccos]" time="0.000" /><testcase classname="tests.indexes.test_numpy_compat" name="test_numpy_ufuncs_basic[timedelta-arctan]" time="0.000" /><testcase classname="tests.indexes.test_numpy_compat" name="test_numpy_ufuncs_basic[timedelta-sinh]" time="0.000" /><testcase classname="tests.indexes.test_numpy_compat" name="test_numpy_ufuncs_basic[timedelta-cosh]" time="0.000" /><testcase classname="tests.indexes.test_numpy_compat" name="test_numpy_ufuncs_basic[timedelta-tanh]" time="0.000" /><testcase classname="tests.indexes.test_numpy_compat" name="test_numpy_ufuncs_basic[timedelta-arcsinh]" time="0.000" /><testcase classname="tests.indexes.test_numpy_compat" name="test_numpy_ufuncs_basic[timedelta-arccosh]" time="0.000" /><testcase classname="tests.indexes.test_numpy_compat" name="test_numpy_ufuncs_basic[timedelta-arctanh]" time="0.000" /><testcase classname="tests.indexes.test_numpy_compat" name="test_numpy_ufuncs_basic[timedelta-deg2rad]" time="0.000" /><testcase classname="tests.indexes.test_numpy_compat" name="test_numpy_ufuncs_basic[timedelta-rad2deg]" time="0.000" /><testcase classname="tests.indexes.test_numpy_compat" name="test_numpy_ufuncs_basic[range-exp]" time="0.000" /><testcase classname="tests.indexes.test_numpy_compat" name="test_numpy_ufuncs_basic[range-exp2]" time="0.000" /><testcase classname="tests.indexes.test_numpy_compat" name="test_numpy_ufuncs_basic[range-expm1]" time="0.000" /><testcase classname="tests.indexes.test_numpy_compat" name="test_numpy_ufuncs_basic[range-log]" time="0.001" /><testcase classname="tests.indexes.test_numpy_compat" name="test_numpy_ufuncs_basic[range-log2]" time="0.000" /><testcase classname="tests.indexes.test_numpy_compat" name="test_numpy_ufuncs_basic[range-log10]" time="0.000" /><testcase classname="tests.indexes.test_numpy_compat" name="test_numpy_ufuncs_basic[range-log1p]" time="0.000" /><testcase classname="tests.indexes.test_numpy_compat" name="test_numpy_ufuncs_basic[range-sqrt]" time="0.000" /><testcase classname="tests.indexes.test_numpy_compat" name="test_numpy_ufuncs_basic[range-sin]" time="0.000" /><testcase classname="tests.indexes.test_numpy_compat" name="test_numpy_ufuncs_basic[range-cos]" time="0.000" /><testcase classname="tests.indexes.test_numpy_compat" name="test_numpy_ufuncs_basic[range-tan]" time="0.000" /><testcase classname="tests.indexes.test_numpy_compat" name="test_numpy_ufuncs_basic[range-arcsin]" time="0.000" /><testcase classname="tests.indexes.test_numpy_compat" name="test_numpy_ufuncs_basic[range-arccos]" time="0.000" /><testcase classname="tests.indexes.test_numpy_compat" name="test_numpy_ufuncs_basic[range-arctan]" time="0.000" /><testcase classname="tests.indexes.test_numpy_compat" name="test_numpy_ufuncs_basic[range-sinh]" time="0.000" /><testcase classname="tests.indexes.test_numpy_compat" name="test_numpy_ufuncs_basic[range-cosh]" time="0.000" /><testcase classname="tests.indexes.test_numpy_compat" name="test_numpy_ufuncs_basic[range-tanh]" time="0.000" /><testcase classname="tests.indexes.test_numpy_compat" name="test_numpy_ufuncs_basic[range-arcsinh]" time="0.000" /><testcase classname="tests.indexes.test_numpy_compat" name="test_numpy_ufuncs_basic[range-arccosh]" time="0.000" /><testcase classname="tests.indexes.test_numpy_compat" name="test_numpy_ufuncs_basic[range-arctanh]" time="0.000" /><testcase classname="tests.indexes.test_numpy_compat" name="test_numpy_ufuncs_basic[range-deg2rad]" time="0.000" /><testcase classname="tests.indexes.test_numpy_compat" name="test_numpy_ufuncs_basic[range-rad2deg]" time="0.000" /><testcase classname="tests.indexes.test_numpy_compat" name="test_numpy_ufuncs_basic[int8-exp]" time="0.000" /><testcase classname="tests.indexes.test_numpy_compat" name="test_numpy_ufuncs_basic[int8-exp2]" time="0.000" /><testcase classname="tests.indexes.test_numpy_compat" name="test_numpy_ufuncs_basic[int8-expm1]" time="0.000" /><testcase classname="tests.indexes.test_numpy_compat" name="test_numpy_ufuncs_basic[int8-log]" time="0.000" /><testcase classname="tests.indexes.test_numpy_compat" name="test_numpy_ufuncs_basic[int8-log2]" time="0.000" /><testcase classname="tests.indexes.test_numpy_compat" name="test_numpy_ufuncs_basic[int8-log10]" time="0.000" /><testcase classname="tests.indexes.test_numpy_compat" name="test_numpy_ufuncs_basic[int8-log1p]" time="0.000" /><testcase classname="tests.indexes.test_numpy_compat" name="test_numpy_ufuncs_basic[int8-sqrt]" time="0.000" /><testcase classname="tests.indexes.test_numpy_compat" name="test_numpy_ufuncs_basic[int8-sin]" time="0.000" /><testcase classname="tests.indexes.test_numpy_compat" name="test_numpy_ufuncs_basic[int8-cos]" time="0.000" /><testcase classname="tests.indexes.test_numpy_compat" name="test_numpy_ufuncs_basic[int8-tan]" time="0.000" /><testcase classname="tests.indexes.test_numpy_compat" name="test_numpy_ufuncs_basic[int8-arcsin]" time="0.000" /><testcase classname="tests.indexes.test_numpy_compat" name="test_numpy_ufuncs_basic[int8-arccos]" time="0.000" /><testcase classname="tests.indexes.test_numpy_compat" name="test_numpy_ufuncs_basic[int8-arctan]" time="0.000" /><testcase classname="tests.indexes.test_numpy_compat" name="test_numpy_ufuncs_basic[int8-sinh]" time="0.000" /><testcase classname="tests.indexes.test_numpy_compat" name="test_numpy_ufuncs_basic[int8-cosh]" time="0.000" /><testcase classname="tests.indexes.test_numpy_compat" name="test_numpy_ufuncs_basic[int8-tanh]" time="0.000" /><testcase classname="tests.indexes.test_numpy_compat" name="test_numpy_ufuncs_basic[int8-arcsinh]" time="0.000" /><testcase classname="tests.indexes.test_numpy_compat" name="test_numpy_ufuncs_basic[int8-arccosh]" time="0.000" /><testcase classname="tests.indexes.test_numpy_compat" name="test_numpy_ufuncs_basic[int8-arctanh]" time="0.000" /><testcase classname="tests.indexes.test_numpy_compat" name="test_numpy_ufuncs_basic[int8-deg2rad]" time="0.000" /><testcase classname="tests.indexes.test_numpy_compat" name="test_numpy_ufuncs_basic[int8-rad2deg]" time="0.000" /><testcase classname="tests.indexes.test_numpy_compat" name="test_numpy_ufuncs_basic[int16-exp]" time="0.000" /><testcase classname="tests.indexes.test_numpy_compat" name="test_numpy_ufuncs_basic[int16-exp2]" time="0.000" /><testcase classname="tests.indexes.test_numpy_compat" name="test_numpy_ufuncs_basic[int16-expm1]" time="0.000" /><testcase classname="tests.indexes.test_numpy_compat" name="test_numpy_ufuncs_basic[int16-log]" time="0.000" /><testcase classname="tests.indexes.test_numpy_compat" name="test_numpy_ufuncs_basic[int16-log2]" time="0.000" /><testcase classname="tests.indexes.test_numpy_compat" name="test_numpy_ufuncs_basic[int16-log10]" time="0.000" /><testcase classname="tests.indexes.test_numpy_compat" name="test_numpy_ufuncs_basic[int16-log1p]" time="0.000" /><testcase classname="tests.indexes.test_numpy_compat" name="test_numpy_ufuncs_basic[int16-sqrt]" time="0.000" /><testcase classname="tests.indexes.test_numpy_compat" name="test_numpy_ufuncs_basic[int16-sin]" time="0.000" /><testcase classname="tests.indexes.test_numpy_compat" name="test_numpy_ufuncs_basic[int16-cos]" time="0.000" /><testcase classname="tests.indexes.test_numpy_compat" name="test_numpy_ufuncs_basic[int16-tan]" time="0.000" /><testcase classname="tests.indexes.test_numpy_compat" name="test_numpy_ufuncs_basic[int16-arcsin]" time="0.000" /><testcase classname="tests.indexes.test_numpy_compat" name="test_numpy_ufuncs_basic[int16-arccos]" time="0.000" /><testcase classname="tests.indexes.test_numpy_compat" name="test_numpy_ufuncs_basic[int16-arctan]" time="0.000" /><testcase classname="tests.indexes.test_numpy_compat" name="test_numpy_ufuncs_basic[int16-sinh]" time="0.000" /><testcase classname="tests.indexes.test_numpy_compat" name="test_numpy_ufuncs_basic[int16-cosh]" time="0.000" /><testcase classname="tests.indexes.test_numpy_compat" name="test_numpy_ufuncs_basic[int16-tanh]" time="0.000" /><testcase classname="tests.indexes.test_numpy_compat" name="test_numpy_ufuncs_basic[int16-arcsinh]" time="0.000" /><testcase classname="tests.indexes.test_numpy_compat" name="test_numpy_ufuncs_basic[int16-arccosh]" time="0.000" /><testcase classname="tests.indexes.test_numpy_compat" name="test_numpy_ufuncs_basic[int16-arctanh]" time="0.000" /><testcase classname="tests.indexes.test_numpy_compat" name="test_numpy_ufuncs_basic[int16-deg2rad]" time="0.000" /><testcase classname="tests.indexes.test_numpy_compat" name="test_numpy_ufuncs_basic[int16-rad2deg]" time="0.000" /><testcase classname="tests.indexes.test_numpy_compat" name="test_numpy_ufuncs_basic[int32-exp]" time="0.000" /><testcase classname="tests.indexes.test_numpy_compat" name="test_numpy_ufuncs_basic[int32-exp2]" time="0.000" /><testcase classname="tests.indexes.test_numpy_compat" name="test_numpy_ufuncs_basic[int32-expm1]" time="0.000" /><testcase classname="tests.indexes.test_numpy_compat" name="test_numpy_ufuncs_basic[int32-log]" time="0.000" /><testcase classname="tests.indexes.test_numpy_compat" name="test_numpy_ufuncs_basic[int32-log2]" time="0.000" /><testcase classname="tests.indexes.test_numpy_compat" name="test_numpy_ufuncs_basic[int32-log10]" time="0.000" /><testcase classname="tests.indexes.test_numpy_compat" name="test_numpy_ufuncs_basic[int32-log1p]" time="0.000" /><testcase classname="tests.indexes.test_numpy_compat" name="test_numpy_ufuncs_basic[int32-sqrt]" time="0.000" /><testcase classname="tests.indexes.test_numpy_compat" name="test_numpy_ufuncs_basic[int32-sin]" time="0.000" /><testcase classname="tests.indexes.test_numpy_compat" name="test_numpy_ufuncs_basic[int32-cos]" time="0.000" /><testcase classname="tests.indexes.test_numpy_compat" name="test_numpy_ufuncs_basic[int32-tan]" time="0.000" /><testcase classname="tests.indexes.test_numpy_compat" name="test_numpy_ufuncs_basic[int32-arcsin]" time="0.000" /><testcase classname="tests.indexes.test_numpy_compat" name="test_numpy_ufuncs_basic[int32-arccos]" time="0.000" /><testcase classname="tests.indexes.test_numpy_compat" name="test_numpy_ufuncs_basic[int32-arctan]" time="0.000" /><testcase classname="tests.indexes.test_numpy_compat" name="test_numpy_ufuncs_basic[int32-sinh]" time="0.000" /><testcase classname="tests.indexes.test_numpy_compat" name="test_numpy_ufuncs_basic[int32-cosh]" time="0.000" /><testcase classname="tests.indexes.test_numpy_compat" name="test_numpy_ufuncs_basic[int32-tanh]" time="0.000" /><testcase classname="tests.indexes.test_numpy_compat" name="test_numpy_ufuncs_basic[int32-arcsinh]" time="0.000" /><testcase classname="tests.indexes.test_numpy_compat" name="test_numpy_ufuncs_basic[int32-arccosh]" time="0.000" /><testcase classname="tests.indexes.test_numpy_compat" name="test_numpy_ufuncs_basic[int32-arctanh]" time="0.000" /><testcase classname="tests.indexes.test_numpy_compat" name="test_numpy_ufuncs_basic[int32-deg2rad]" time="0.000" /><testcase classname="tests.indexes.test_numpy_compat" name="test_numpy_ufuncs_basic[int32-rad2deg]" time="0.000" /><testcase classname="tests.indexes.test_numpy_compat" name="test_numpy_ufuncs_basic[int64-exp]" time="0.000" /><testcase classname="tests.indexes.test_numpy_compat" name="test_numpy_ufuncs_basic[int64-exp2]" time="0.000" /><testcase classname="tests.indexes.test_numpy_compat" name="test_numpy_ufuncs_basic[int64-expm1]" time="0.000" /><testcase classname="tests.indexes.test_numpy_compat" name="test_numpy_ufuncs_basic[int64-log]" time="0.000" /><testcase classname="tests.indexes.test_numpy_compat" name="test_numpy_ufuncs_basic[int64-log2]" time="0.000" /><testcase classname="tests.indexes.test_numpy_compat" name="test_numpy_ufuncs_basic[int64-log10]" time="0.000" /><testcase classname="tests.indexes.test_numpy_compat" name="test_numpy_ufuncs_basic[int64-log1p]" time="0.000" /><testcase classname="tests.indexes.test_numpy_compat" name="test_numpy_ufuncs_basic[int64-sqrt]" time="0.000" /><testcase classname="tests.indexes.test_numpy_compat" name="test_numpy_ufuncs_basic[int64-sin]" time="0.000" /><testcase classname="tests.indexes.test_numpy_compat" name="test_numpy_ufuncs_basic[int64-cos]" time="0.000" /><testcase classname="tests.indexes.test_numpy_compat" name="test_numpy_ufuncs_basic[int64-tan]" time="0.000" /><testcase classname="tests.indexes.test_numpy_compat" name="test_numpy_ufuncs_basic[int64-arcsin]" time="0.000" /><testcase classname="tests.indexes.test_numpy_compat" name="test_numpy_ufuncs_basic[int64-arccos]" time="0.000" /><testcase classname="tests.indexes.test_numpy_compat" name="test_numpy_ufuncs_basic[int64-arctan]" time="0.000" /><testcase classname="tests.indexes.test_numpy_compat" name="test_numpy_ufuncs_basic[int64-sinh]" time="0.000" /><testcase classname="tests.indexes.test_numpy_compat" name="test_numpy_ufuncs_basic[int64-cosh]" time="0.000" /><testcase classname="tests.indexes.test_numpy_compat" name="test_numpy_ufuncs_basic[int64-tanh]" time="0.000" /><testcase classname="tests.indexes.test_numpy_compat" name="test_numpy_ufuncs_basic[int64-arcsinh]" time="0.000" /><testcase classname="tests.indexes.test_numpy_compat" name="test_numpy_ufuncs_basic[int64-arccosh]" time="0.000" /><testcase classname="tests.indexes.test_numpy_compat" name="test_numpy_ufuncs_basic[int64-arctanh]" time="0.000" /><testcase classname="tests.indexes.test_numpy_compat" name="test_numpy_ufuncs_basic[int64-deg2rad]" time="0.000" /><testcase classname="tests.indexes.test_numpy_compat" name="test_numpy_ufuncs_basic[int64-rad2deg]" time="0.000" /><testcase classname="tests.indexes.test_numpy_compat" name="test_numpy_ufuncs_basic[uint8-exp]" time="0.000" /><testcase classname="tests.indexes.test_numpy_compat" name="test_numpy_ufuncs_basic[uint8-exp2]" time="0.000" /><testcase classname="tests.indexes.test_numpy_compat" name="test_numpy_ufuncs_basic[uint8-expm1]" time="0.000" /><testcase classname="tests.indexes.test_numpy_compat" name="test_numpy_ufuncs_basic[uint8-log]" time="0.000" /><testcase classname="tests.indexes.test_numpy_compat" name="test_numpy_ufuncs_basic[uint8-log2]" time="0.000" /><testcase classname="tests.indexes.test_numpy_compat" name="test_numpy_ufuncs_basic[uint8-log10]" time="0.000" /><testcase classname="tests.indexes.test_numpy_compat" name="test_numpy_ufuncs_basic[uint8-log1p]" time="0.000" /><testcase classname="tests.indexes.test_numpy_compat" name="test_numpy_ufuncs_basic[uint8-sqrt]" time="0.000" /><testcase classname="tests.indexes.test_numpy_compat" name="test_numpy_ufuncs_basic[uint8-sin]" time="0.000" /><testcase classname="tests.indexes.test_numpy_compat" name="test_numpy_ufuncs_basic[uint8-cos]" time="0.000" /><testcase classname="tests.indexes.test_numpy_compat" name="test_numpy_ufuncs_basic[uint8-tan]" time="0.000" /><testcase classname="tests.indexes.test_numpy_compat" name="test_numpy_ufuncs_basic[uint8-arcsin]" time="0.000" /><testcase classname="tests.indexes.test_numpy_compat" name="test_numpy_ufuncs_basic[uint8-arccos]" time="0.000" /><testcase classname="tests.indexes.test_numpy_compat" name="test_numpy_ufuncs_basic[uint8-arctan]" time="0.000" /><testcase classname="tests.indexes.test_numpy_compat" name="test_numpy_ufuncs_basic[uint8-sinh]" time="0.000" /><testcase classname="tests.indexes.test_numpy_compat" name="test_numpy_ufuncs_basic[uint8-cosh]" time="0.000" /><testcase classname="tests.indexes.test_numpy_compat" name="test_numpy_ufuncs_basic[uint8-tanh]" time="0.000" /><testcase classname="tests.indexes.test_numpy_compat" name="test_numpy_ufuncs_basic[uint8-arcsinh]" time="0.000" /><testcase classname="tests.indexes.test_numpy_compat" name="test_numpy_ufuncs_basic[uint8-arccosh]" time="0.000" /><testcase classname="tests.indexes.test_numpy_compat" name="test_numpy_ufuncs_basic[uint8-arctanh]" time="0.000" /><testcase classname="tests.indexes.test_numpy_compat" name="test_numpy_ufuncs_basic[uint8-deg2rad]" time="0.000" /><testcase classname="tests.indexes.test_numpy_compat" name="test_numpy_ufuncs_basic[uint8-rad2deg]" time="0.000" /><testcase classname="tests.indexes.test_numpy_compat" name="test_numpy_ufuncs_basic[uint16-exp]" time="0.000" /><testcase classname="tests.indexes.test_numpy_compat" name="test_numpy_ufuncs_basic[uint16-exp2]" time="0.000" /><testcase classname="tests.indexes.test_numpy_compat" name="test_numpy_ufuncs_basic[uint16-expm1]" time="0.000" /><testcase classname="tests.indexes.test_numpy_compat" name="test_numpy_ufuncs_basic[uint16-log]" time="0.000" /><testcase classname="tests.indexes.test_numpy_compat" name="test_numpy_ufuncs_basic[uint16-log2]" time="0.000" /><testcase classname="tests.indexes.test_numpy_compat" name="test_numpy_ufuncs_basic[uint16-log10]" time="0.000" /><testcase classname="tests.indexes.test_numpy_compat" name="test_numpy_ufuncs_basic[uint16-log1p]" time="0.000" /><testcase classname="tests.indexes.test_numpy_compat" name="test_numpy_ufuncs_basic[uint16-sqrt]" time="0.000" /><testcase classname="tests.indexes.test_numpy_compat" name="test_numpy_ufuncs_basic[uint16-sin]" time="0.000" /><testcase classname="tests.indexes.test_numpy_compat" name="test_numpy_ufuncs_basic[uint16-cos]" time="0.000" /><testcase classname="tests.indexes.test_numpy_compat" name="test_numpy_ufuncs_basic[uint16-tan]" time="0.000" /><testcase classname="tests.indexes.test_numpy_compat" name="test_numpy_ufuncs_basic[uint16-arcsin]" time="0.000" /><testcase classname="tests.indexes.test_numpy_compat" name="test_numpy_ufuncs_basic[uint16-arccos]" time="0.000" /><testcase classname="tests.indexes.test_numpy_compat" name="test_numpy_ufuncs_basic[uint16-arctan]" time="0.000" /><testcase classname="tests.indexes.test_numpy_compat" name="test_numpy_ufuncs_basic[uint16-sinh]" time="0.000" /><testcase classname="tests.indexes.test_numpy_compat" name="test_numpy_ufuncs_basic[uint16-cosh]" time="0.000" /><testcase classname="tests.indexes.test_numpy_compat" name="test_numpy_ufuncs_basic[uint16-tanh]" time="0.000" /><testcase classname="tests.indexes.test_numpy_compat" name="test_numpy_ufuncs_basic[uint16-arcsinh]" time="0.000" /><testcase classname="tests.indexes.test_numpy_compat" name="test_numpy_ufuncs_basic[uint16-arccosh]" time="0.000" /><testcase classname="tests.indexes.test_numpy_compat" name="test_numpy_ufuncs_basic[uint16-arctanh]" time="0.000" /><testcase classname="tests.indexes.test_numpy_compat" name="test_numpy_ufuncs_basic[uint16-deg2rad]" time="0.000" /><testcase classname="tests.indexes.test_numpy_compat" name="test_numpy_ufuncs_basic[uint16-rad2deg]" time="0.000" /><testcase classname="tests.indexes.test_numpy_compat" name="test_numpy_ufuncs_basic[uint32-exp]" time="0.000" /><testcase classname="tests.indexes.test_numpy_compat" name="test_numpy_ufuncs_basic[uint32-exp2]" time="0.000" /><testcase classname="tests.indexes.test_numpy_compat" name="test_numpy_ufuncs_basic[uint32-expm1]" time="0.000" /><testcase classname="tests.indexes.test_numpy_compat" name="test_numpy_ufuncs_basic[uint32-log]" time="0.000" /><testcase classname="tests.indexes.test_numpy_compat" name="test_numpy_ufuncs_basic[uint32-log2]" time="0.000" /><testcase classname="tests.indexes.test_numpy_compat" name="test_numpy_ufuncs_basic[uint32-log10]" time="0.000" /><testcase classname="tests.indexes.test_numpy_compat" name="test_numpy_ufuncs_basic[uint32-log1p]" time="0.000" /><testcase classname="tests.indexes.test_numpy_compat" name="test_numpy_ufuncs_basic[uint32-sqrt]" time="0.000" /><testcase classname="tests.indexes.test_numpy_compat" name="test_numpy_ufuncs_basic[uint32-sin]" time="0.000" /><testcase classname="tests.indexes.test_numpy_compat" name="test_numpy_ufuncs_basic[uint32-cos]" time="0.000" /><testcase classname="tests.indexes.test_numpy_compat" name="test_numpy_ufuncs_basic[uint32-tan]" time="0.000" /><testcase classname="tests.indexes.test_numpy_compat" name="test_numpy_ufuncs_basic[uint32-arcsin]" time="0.000" /><testcase classname="tests.indexes.test_numpy_compat" name="test_numpy_ufuncs_basic[uint32-arccos]" time="0.000" /><testcase classname="tests.indexes.test_numpy_compat" name="test_numpy_ufuncs_basic[uint32-arctan]" time="0.000" /><testcase classname="tests.indexes.test_numpy_compat" name="test_numpy_ufuncs_basic[uint32-sinh]" time="0.000" /><testcase classname="tests.indexes.test_numpy_compat" name="test_numpy_ufuncs_basic[uint32-cosh]" time="0.000" /><testcase classname="tests.indexes.test_numpy_compat" name="test_numpy_ufuncs_basic[uint32-tanh]" time="0.000" /><testcase classname="tests.indexes.test_numpy_compat" name="test_numpy_ufuncs_basic[uint32-arcsinh]" time="0.000" /><testcase classname="tests.indexes.test_numpy_compat" name="test_numpy_ufuncs_basic[uint32-arccosh]" time="0.000" /><testcase classname="tests.indexes.test_numpy_compat" name="test_numpy_ufuncs_basic[uint32-arctanh]" time="0.000" /><testcase classname="tests.indexes.test_numpy_compat" name="test_numpy_ufuncs_basic[uint32-deg2rad]" time="0.000" /><testcase classname="tests.indexes.test_numpy_compat" name="test_numpy_ufuncs_basic[uint32-rad2deg]" time="0.000" /><testcase classname="tests.indexes.test_numpy_compat" name="test_numpy_ufuncs_basic[uint64-exp]" time="0.000" /><testcase classname="tests.indexes.test_numpy_compat" name="test_numpy_ufuncs_basic[uint64-exp2]" time="0.000" /><testcase classname="tests.indexes.test_numpy_compat" name="test_numpy_ufuncs_basic[uint64-expm1]" time="0.000" /><testcase classname="tests.indexes.test_numpy_compat" name="test_numpy_ufuncs_basic[uint64-log]" time="0.000" /><testcase classname="tests.indexes.test_numpy_compat" name="test_numpy_ufuncs_basic[uint64-log2]" time="0.000" /><testcase classname="tests.indexes.test_numpy_compat" name="test_numpy_ufuncs_basic[uint64-log10]" time="0.000" /><testcase classname="tests.indexes.test_numpy_compat" name="test_numpy_ufuncs_basic[uint64-log1p]" time="0.000" /><testcase classname="tests.indexes.test_numpy_compat" name="test_numpy_ufuncs_basic[uint64-sqrt]" time="0.000" /><testcase classname="tests.indexes.test_numpy_compat" name="test_numpy_ufuncs_basic[uint64-sin]" time="0.000" /><testcase classname="tests.indexes.test_numpy_compat" name="test_numpy_ufuncs_basic[uint64-cos]" time="0.000" /><testcase classname="tests.indexes.test_numpy_compat" name="test_numpy_ufuncs_basic[uint64-tan]" time="0.000" /><testcase classname="tests.indexes.test_numpy_compat" name="test_numpy_ufuncs_basic[uint64-arcsin]" time="0.000" /><testcase classname="tests.indexes.test_numpy_compat" name="test_numpy_ufuncs_basic[uint64-arccos]" time="0.000" /><testcase classname="tests.indexes.test_numpy_compat" name="test_numpy_ufuncs_basic[uint64-arctan]" time="0.000" /><testcase classname="tests.indexes.test_numpy_compat" name="test_numpy_ufuncs_basic[uint64-sinh]" time="0.000" /><testcase classname="tests.indexes.test_numpy_compat" name="test_numpy_ufuncs_basic[uint64-cosh]" time="0.000" /><testcase classname="tests.indexes.test_numpy_compat" name="test_numpy_ufuncs_basic[uint64-tanh]" time="0.000" /><testcase classname="tests.indexes.test_numpy_compat" name="test_numpy_ufuncs_basic[uint64-arcsinh]" time="0.000" /><testcase classname="tests.indexes.test_numpy_compat" name="test_numpy_ufuncs_basic[uint64-arccosh]" time="0.000" /><testcase classname="tests.indexes.test_numpy_compat" name="test_numpy_ufuncs_basic[uint64-arctanh]" time="0.000" /><testcase classname="tests.indexes.test_numpy_compat" name="test_numpy_ufuncs_basic[uint64-deg2rad]" time="0.000" /><testcase classname="tests.indexes.test_numpy_compat" name="test_numpy_ufuncs_basic[uint64-rad2deg]" time="0.000" /><testcase classname="tests.indexes.test_numpy_compat" name="test_numpy_ufuncs_basic[float32-exp]" time="0.000" /><testcase classname="tests.indexes.test_numpy_compat" name="test_numpy_ufuncs_basic[float32-exp2]" time="0.000" /><testcase classname="tests.indexes.test_numpy_compat" name="test_numpy_ufuncs_basic[float32-expm1]" time="0.000" /><testcase classname="tests.indexes.test_numpy_compat" name="test_numpy_ufuncs_basic[float32-log]" time="0.000" /><testcase classname="tests.indexes.test_numpy_compat" name="test_numpy_ufuncs_basic[float32-log2]" time="0.000" /><testcase classname="tests.indexes.test_numpy_compat" name="test_numpy_ufuncs_basic[float32-log10]" time="0.000" /><testcase classname="tests.indexes.test_numpy_compat" name="test_numpy_ufuncs_basic[float32-log1p]" time="0.000" /><testcase classname="tests.indexes.test_numpy_compat" name="test_numpy_ufuncs_basic[float32-sqrt]" time="0.000" /><testcase classname="tests.indexes.test_numpy_compat" name="test_numpy_ufuncs_basic[float32-sin]" time="0.000" /><testcase classname="tests.indexes.test_numpy_compat" name="test_numpy_ufuncs_basic[float32-cos]" time="0.000" /><testcase classname="tests.indexes.test_numpy_compat" name="test_numpy_ufuncs_basic[float32-tan]" time="0.000" /><testcase classname="tests.indexes.test_numpy_compat" name="test_numpy_ufuncs_basic[float32-arcsin]" time="0.000" /><testcase classname="tests.indexes.test_numpy_compat" name="test_numpy_ufuncs_basic[float32-arccos]" time="0.000" /><testcase classname="tests.indexes.test_numpy_compat" name="test_numpy_ufuncs_basic[float32-arctan]" time="0.000" /><testcase classname="tests.indexes.test_numpy_compat" name="test_numpy_ufuncs_basic[float32-sinh]" time="0.000" /><testcase classname="tests.indexes.test_numpy_compat" name="test_numpy_ufuncs_basic[float32-cosh]" time="0.000" /><testcase classname="tests.indexes.test_numpy_compat" name="test_numpy_ufuncs_basic[float32-tanh]" time="0.000" /><testcase classname="tests.indexes.test_numpy_compat" name="test_numpy_ufuncs_basic[float32-arcsinh]" time="0.000" /><testcase classname="tests.indexes.test_numpy_compat" name="test_numpy_ufuncs_basic[float32-arccosh]" time="0.000" /><testcase classname="tests.indexes.test_numpy_compat" name="test_numpy_ufuncs_basic[float32-arctanh]" time="0.000" /><testcase classname="tests.indexes.test_numpy_compat" name="test_numpy_ufuncs_basic[float32-deg2rad]" time="0.000" /><testcase classname="tests.indexes.test_numpy_compat" name="test_numpy_ufuncs_basic[float32-rad2deg]" time="0.000" /><testcase classname="tests.indexes.test_numpy_compat" name="test_numpy_ufuncs_basic[float64-exp]" time="0.000" /><testcase classname="tests.indexes.test_numpy_compat" name="test_numpy_ufuncs_basic[float64-exp2]" time="0.000" /><testcase classname="tests.indexes.test_numpy_compat" name="test_numpy_ufuncs_basic[float64-expm1]" time="0.000" /><testcase classname="tests.indexes.test_numpy_compat" name="test_numpy_ufuncs_basic[float64-log]" time="0.000" /><testcase classname="tests.indexes.test_numpy_compat" name="test_numpy_ufuncs_basic[float64-log2]" time="0.000" /><testcase classname="tests.indexes.test_numpy_compat" name="test_numpy_ufuncs_basic[float64-log10]" time="0.000" /><testcase classname="tests.indexes.test_numpy_compat" name="test_numpy_ufuncs_basic[float64-log1p]" time="0.000" /><testcase classname="tests.indexes.test_numpy_compat" name="test_numpy_ufuncs_basic[float64-sqrt]" time="0.000" /><testcase classname="tests.indexes.test_numpy_compat" name="test_numpy_ufuncs_basic[float64-sin]" time="0.000" /><testcase classname="tests.indexes.test_numpy_compat" name="test_numpy_ufuncs_basic[float64-cos]" time="0.000" /><testcase classname="tests.indexes.test_numpy_compat" name="test_numpy_ufuncs_basic[float64-tan]" time="0.000" /><testcase classname="tests.indexes.test_numpy_compat" name="test_numpy_ufuncs_basic[float64-arcsin]" time="0.001" /><testcase classname="tests.indexes.test_numpy_compat" name="test_numpy_ufuncs_basic[float64-arccos]" time="0.000" /><testcase classname="tests.indexes.test_numpy_compat" name="test_numpy_ufuncs_basic[float64-arctan]" time="0.000" /><testcase classname="tests.indexes.test_numpy_compat" name="test_numpy_ufuncs_basic[float64-sinh]" time="0.000" /><testcase classname="tests.indexes.test_numpy_compat" name="test_numpy_ufuncs_basic[float64-cosh]" time="0.000" /><testcase classname="tests.indexes.test_numpy_compat" name="test_numpy_ufuncs_basic[float64-tanh]" time="0.000" /><testcase classname="tests.indexes.test_numpy_compat" name="test_numpy_ufuncs_basic[float64-arcsinh]" time="0.000" /><testcase classname="tests.indexes.test_numpy_compat" name="test_numpy_ufuncs_basic[float64-arccosh]" time="0.000" /><testcase classname="tests.indexes.test_numpy_compat" name="test_numpy_ufuncs_basic[float64-arctanh]" time="0.000" /><testcase classname="tests.indexes.test_numpy_compat" name="test_numpy_ufuncs_basic[float64-deg2rad]" time="0.000" /><testcase classname="tests.indexes.test_numpy_compat" name="test_numpy_ufuncs_basic[float64-rad2deg]" time="0.000" /><testcase classname="tests.indexes.test_numpy_compat" name="test_numpy_ufuncs_basic[bool-object-exp]" time="0.000" /><testcase classname="tests.indexes.test_numpy_compat" name="test_numpy_ufuncs_basic[bool-object-exp2]" time="0.000" /><testcase classname="tests.indexes.test_numpy_compat" name="test_numpy_ufuncs_basic[bool-object-expm1]" time="0.000" /><testcase classname="tests.indexes.test_numpy_compat" name="test_numpy_ufuncs_basic[bool-object-log]" time="0.000" /><testcase classname="tests.indexes.test_numpy_compat" name="test_numpy_ufuncs_basic[bool-object-log2]" time="0.000" /><testcase classname="tests.indexes.test_numpy_compat" name="test_numpy_ufuncs_basic[bool-object-log10]" time="0.000" /><testcase classname="tests.indexes.test_numpy_compat" name="test_numpy_ufuncs_basic[bool-object-log1p]" time="0.000" /><testcase classname="tests.indexes.test_numpy_compat" name="test_numpy_ufuncs_basic[bool-object-sqrt]" time="0.000" /><testcase classname="tests.indexes.test_numpy_compat" name="test_numpy_ufuncs_basic[bool-object-sin]" time="0.000" /><testcase classname="tests.indexes.test_numpy_compat" name="test_numpy_ufuncs_basic[bool-object-cos]" time="0.000" /><testcase classname="tests.indexes.test_numpy_compat" name="test_numpy_ufuncs_basic[bool-object-tan]" time="0.000" /><testcase classname="tests.indexes.test_numpy_compat" name="test_numpy_ufuncs_basic[bool-object-arcsin]" time="0.000" /><testcase classname="tests.indexes.test_numpy_compat" name="test_numpy_ufuncs_basic[bool-object-arccos]" time="0.000" /><testcase classname="tests.indexes.test_numpy_compat" name="test_numpy_ufuncs_basic[bool-object-arctan]" time="0.000" /><testcase classname="tests.indexes.test_numpy_compat" name="test_numpy_ufuncs_basic[bool-object-sinh]" time="0.000" /><testcase classname="tests.indexes.test_numpy_compat" name="test_numpy_ufuncs_basic[bool-object-cosh]" time="0.000" /><testcase classname="tests.indexes.test_numpy_compat" name="test_numpy_ufuncs_basic[bool-object-tanh]" time="0.000" /><testcase classname="tests.indexes.test_numpy_compat" name="test_numpy_ufuncs_basic[bool-object-arcsinh]" time="0.000" /><testcase classname="tests.indexes.test_numpy_compat" name="test_numpy_ufuncs_basic[bool-object-arccosh]" time="0.000" /><testcase classname="tests.indexes.test_numpy_compat" name="test_numpy_ufuncs_basic[bool-object-arctanh]" time="0.000" /><testcase classname="tests.indexes.test_numpy_compat" name="test_numpy_ufuncs_basic[bool-object-deg2rad]" time="0.000" /><testcase classname="tests.indexes.test_numpy_compat" name="test_numpy_ufuncs_basic[bool-object-rad2deg]" time="0.000" /><testcase classname="tests.indexes.test_numpy_compat" name="test_numpy_ufuncs_basic[bool-dtype-exp]" time="0.000" /><testcase classname="tests.indexes.test_numpy_compat" name="test_numpy_ufuncs_basic[bool-dtype-exp2]" time="0.000" /><testcase classname="tests.indexes.test_numpy_compat" name="test_numpy_ufuncs_basic[bool-dtype-expm1]" time="0.000" /><testcase classname="tests.indexes.test_numpy_compat" name="test_numpy_ufuncs_basic[bool-dtype-log]" time="0.000" /><testcase classname="tests.indexes.test_numpy_compat" name="test_numpy_ufuncs_basic[bool-dtype-log2]" time="0.000" /><testcase classname="tests.indexes.test_numpy_compat" name="test_numpy_ufuncs_basic[bool-dtype-log10]" time="0.000" /><testcase classname="tests.indexes.test_numpy_compat" name="test_numpy_ufuncs_basic[bool-dtype-log1p]" time="0.000" /><testcase classname="tests.indexes.test_numpy_compat" name="test_numpy_ufuncs_basic[bool-dtype-sqrt]" time="0.000" /><testcase classname="tests.indexes.test_numpy_compat" name="test_numpy_ufuncs_basic[bool-dtype-sin]" time="0.000" /><testcase classname="tests.indexes.test_numpy_compat" name="test_numpy_ufuncs_basic[bool-dtype-cos]" time="0.000" /><testcase classname="tests.indexes.test_numpy_compat" name="test_numpy_ufuncs_basic[bool-dtype-tan]" time="0.000" /><testcase classname="tests.indexes.test_numpy_compat" name="test_numpy_ufuncs_basic[bool-dtype-arcsin]" time="0.000" /><testcase classname="tests.indexes.test_numpy_compat" name="test_numpy_ufuncs_basic[bool-dtype-arccos]" time="0.000" /><testcase classname="tests.indexes.test_numpy_compat" name="test_numpy_ufuncs_basic[bool-dtype-arctan]" time="0.000" /><testcase classname="tests.indexes.test_numpy_compat" name="test_numpy_ufuncs_basic[bool-dtype-sinh]" time="0.000" /><testcase classname="tests.indexes.test_numpy_compat" name="test_numpy_ufuncs_basic[bool-dtype-cosh]" time="0.000" /><testcase classname="tests.indexes.test_numpy_compat" name="test_numpy_ufuncs_basic[bool-dtype-tanh]" time="0.000" /><testcase classname="tests.indexes.test_numpy_compat" name="test_numpy_ufuncs_basic[bool-dtype-arcsinh]" time="0.000" /><testcase classname="tests.indexes.test_numpy_compat" name="test_numpy_ufuncs_basic[bool-dtype-arccosh]" time="0.000" /><testcase classname="tests.indexes.test_numpy_compat" name="test_numpy_ufuncs_basic[bool-dtype-arctanh]" time="0.000" /><testcase classname="tests.indexes.test_numpy_compat" name="test_numpy_ufuncs_basic[bool-dtype-deg2rad]" time="0.000" /><testcase classname="tests.indexes.test_numpy_compat" name="test_numpy_ufuncs_basic[bool-dtype-rad2deg]" time="0.000" /><testcase classname="tests.indexes.test_numpy_compat" name="test_numpy_ufuncs_basic[complex64-exp]" time="0.000" /><testcase classname="tests.indexes.test_numpy_compat" name="test_numpy_ufuncs_basic[complex64-exp2]" time="0.000" /><testcase classname="tests.indexes.test_numpy_compat" name="test_numpy_ufuncs_basic[complex64-expm1]" time="0.000" /><testcase classname="tests.indexes.test_numpy_compat" name="test_numpy_ufuncs_basic[complex64-log]" time="0.000" /><testcase classname="tests.indexes.test_numpy_compat" name="test_numpy_ufuncs_basic[complex64-log2]" time="0.000" /><testcase classname="tests.indexes.test_numpy_compat" name="test_numpy_ufuncs_basic[complex64-log10]" time="0.000" /><testcase classname="tests.indexes.test_numpy_compat" name="test_numpy_ufuncs_basic[complex64-log1p]" time="0.000" /><testcase classname="tests.indexes.test_numpy_compat" name="test_numpy_ufuncs_basic[complex64-sqrt]" time="0.000" /><testcase classname="tests.indexes.test_numpy_compat" name="test_numpy_ufuncs_basic[complex64-sin]" time="0.000" /><testcase classname="tests.indexes.test_numpy_compat" name="test_numpy_ufuncs_basic[complex64-cos]" time="0.002" /><testcase classname="tests.indexes.test_numpy_compat" name="test_numpy_ufuncs_basic[complex64-tan]" time="0.000" /><testcase classname="tests.indexes.test_numpy_compat" name="test_numpy_ufuncs_basic[complex64-arcsin]" time="0.000" /><testcase classname="tests.indexes.test_numpy_compat" name="test_numpy_ufuncs_basic[complex64-arccos]" time="0.000" /><testcase classname="tests.indexes.test_numpy_compat" name="test_numpy_ufuncs_basic[complex64-arctan]" time="0.000" /><testcase classname="tests.indexes.test_numpy_compat" name="test_numpy_ufuncs_basic[complex64-sinh]" time="0.000" /><testcase classname="tests.indexes.test_numpy_compat" name="test_numpy_ufuncs_basic[complex64-cosh]" time="0.000" /><testcase classname="tests.indexes.test_numpy_compat" name="test_numpy_ufuncs_basic[complex64-tanh]" time="0.000" /><testcase classname="tests.indexes.test_numpy_compat" name="test_numpy_ufuncs_basic[complex64-arcsinh]" time="0.000" /><testcase classname="tests.indexes.test_numpy_compat" name="test_numpy_ufuncs_basic[complex64-arccosh]" time="0.000" /><testcase classname="tests.indexes.test_numpy_compat" name="test_numpy_ufuncs_basic[complex64-arctanh]" time="0.000" /><testcase classname="tests.indexes.test_numpy_compat" name="test_numpy_ufuncs_basic[complex64-deg2rad]" time="0.000" /><testcase classname="tests.indexes.test_numpy_compat" name="test_numpy_ufuncs_basic[complex64-rad2deg]" time="0.000" /><testcase classname="tests.indexes.test_numpy_compat" name="test_numpy_ufuncs_basic[complex128-exp]" time="0.000" /><testcase classname="tests.indexes.test_numpy_compat" name="test_numpy_ufuncs_basic[complex128-exp2]" time="0.000" /><testcase classname="tests.indexes.test_numpy_compat" name="test_numpy_ufuncs_basic[complex128-expm1]" time="0.000" /><testcase classname="tests.indexes.test_numpy_compat" name="test_numpy_ufuncs_basic[complex128-log]" time="0.000" /><testcase classname="tests.indexes.test_numpy_compat" name="test_numpy_ufuncs_basic[complex128-log2]" time="0.000" /><testcase classname="tests.indexes.test_numpy_compat" name="test_numpy_ufuncs_basic[complex128-log10]" time="0.000" /><testcase classname="tests.indexes.test_numpy_compat" name="test_numpy_ufuncs_basic[complex128-log1p]" time="0.000" /><testcase classname="tests.indexes.test_numpy_compat" name="test_numpy_ufuncs_basic[complex128-sqrt]" time="0.000" /><testcase classname="tests.indexes.test_numpy_compat" name="test_numpy_ufuncs_basic[complex128-sin]" time="0.000" /><testcase classname="tests.indexes.test_numpy_compat" name="test_numpy_ufuncs_basic[complex128-cos]" time="0.000" /><testcase classname="tests.indexes.test_numpy_compat" name="test_numpy_ufuncs_basic[complex128-tan]" time="0.000" /><testcase classname="tests.indexes.test_numpy_compat" name="test_numpy_ufuncs_basic[complex128-arcsin]" time="0.000" /><testcase classname="tests.indexes.test_numpy_compat" name="test_numpy_ufuncs_basic[complex128-arccos]" time="0.000" /><testcase classname="tests.indexes.test_numpy_compat" name="test_numpy_ufuncs_basic[complex128-arctan]" time="0.000" /><testcase classname="tests.indexes.test_numpy_compat" name="test_numpy_ufuncs_basic[complex128-sinh]" time="0.000" /><testcase classname="tests.indexes.test_numpy_compat" name="test_numpy_ufuncs_basic[complex128-cosh]" time="0.000" /><testcase classname="tests.indexes.test_numpy_compat" name="test_numpy_ufuncs_basic[complex128-tanh]" time="0.000" /><testcase classname="tests.indexes.test_numpy_compat" name="test_numpy_ufuncs_basic[complex128-arcsinh]" time="0.000" /><testcase classname="tests.indexes.test_numpy_compat" name="test_numpy_ufuncs_basic[complex128-arccosh]" time="0.000" /><testcase classname="tests.indexes.test_numpy_compat" name="test_numpy_ufuncs_basic[complex128-arctanh]" time="0.000" /><testcase classname="tests.indexes.test_numpy_compat" name="test_numpy_ufuncs_basic[complex128-deg2rad]" time="0.000" /><testcase classname="tests.indexes.test_numpy_compat" name="test_numpy_ufuncs_basic[complex128-rad2deg]" time="0.000" /><testcase classname="tests.indexes.test_numpy_compat" name="test_numpy_ufuncs_basic[categorical-exp]" time="0.000" /><testcase classname="tests.indexes.test_numpy_compat" name="test_numpy_ufuncs_basic[categorical-exp2]" time="0.000" /><testcase classname="tests.indexes.test_numpy_compat" name="test_numpy_ufuncs_basic[categorical-expm1]" time="0.000" /><testcase classname="tests.indexes.test_numpy_compat" name="test_numpy_ufuncs_basic[categorical-log]" time="0.000" /><testcase classname="tests.indexes.test_numpy_compat" name="test_numpy_ufuncs_basic[categorical-log2]" time="0.000" /><testcase classname="tests.indexes.test_numpy_compat" name="test_numpy_ufuncs_basic[categorical-log10]" time="0.000" /><testcase classname="tests.indexes.test_numpy_compat" name="test_numpy_ufuncs_basic[categorical-log1p]" time="0.000" /><testcase classname="tests.indexes.test_numpy_compat" name="test_numpy_ufuncs_basic[categorical-sqrt]" time="0.000" /><testcase classname="tests.indexes.test_numpy_compat" name="test_numpy_ufuncs_basic[categorical-sin]" time="0.000" /><testcase classname="tests.indexes.test_numpy_compat" name="test_numpy_ufuncs_basic[categorical-cos]" time="0.000" /><testcase classname="tests.indexes.test_numpy_compat" name="test_numpy_ufuncs_basic[categorical-tan]" time="0.000" /><testcase classname="tests.indexes.test_numpy_compat" name="test_numpy_ufuncs_basic[categorical-arcsin]" time="0.000" /><testcase classname="tests.indexes.test_numpy_compat" name="test_numpy_ufuncs_basic[categorical-arccos]" time="0.000" /><testcase classname="tests.indexes.test_numpy_compat" name="test_numpy_ufuncs_basic[categorical-arctan]" time="0.000" /><testcase classname="tests.indexes.test_numpy_compat" name="test_numpy_ufuncs_basic[categorical-sinh]" time="0.000" /><testcase classname="tests.indexes.test_numpy_compat" name="test_numpy_ufuncs_basic[categorical-cosh]" time="0.000" /><testcase classname="tests.indexes.test_numpy_compat" name="test_numpy_ufuncs_basic[categorical-tanh]" time="0.000" /><testcase classname="tests.indexes.test_numpy_compat" name="test_numpy_ufuncs_basic[categorical-arcsinh]" time="0.000" /><testcase classname="tests.indexes.test_numpy_compat" name="test_numpy_ufuncs_basic[categorical-arccosh]" time="0.000" /><testcase classname="tests.indexes.test_numpy_compat" name="test_numpy_ufuncs_basic[categorical-arctanh]" time="0.000" /><testcase classname="tests.indexes.test_numpy_compat" name="test_numpy_ufuncs_basic[categorical-deg2rad]" time="0.000" /><testcase classname="tests.indexes.test_numpy_compat" name="test_numpy_ufuncs_basic[categorical-rad2deg]" time="0.000" /><testcase classname="tests.indexes.test_numpy_compat" name="test_numpy_ufuncs_basic[interval-exp]" time="0.000" /><testcase classname="tests.indexes.test_numpy_compat" name="test_numpy_ufuncs_basic[interval-exp2]" time="0.000" /><testcase classname="tests.indexes.test_numpy_compat" name="test_numpy_ufuncs_basic[interval-expm1]" time="0.000" /><testcase classname="tests.indexes.test_numpy_compat" name="test_numpy_ufuncs_basic[interval-log]" time="0.000" /><testcase classname="tests.indexes.test_numpy_compat" name="test_numpy_ufuncs_basic[interval-log2]" time="0.000" /><testcase classname="tests.indexes.test_numpy_compat" name="test_numpy_ufuncs_basic[interval-log10]" time="0.000" /><testcase classname="tests.indexes.test_numpy_compat" name="test_numpy_ufuncs_basic[interval-log1p]" time="0.000" /><testcase classname="tests.indexes.test_numpy_compat" name="test_numpy_ufuncs_basic[interval-sqrt]" time="0.000" /><testcase classname="tests.indexes.test_numpy_compat" name="test_numpy_ufuncs_basic[interval-sin]" time="0.000" /><testcase classname="tests.indexes.test_numpy_compat" name="test_numpy_ufuncs_basic[interval-cos]" time="0.000" /><testcase classname="tests.indexes.test_numpy_compat" name="test_numpy_ufuncs_basic[interval-tan]" time="0.000" /><testcase classname="tests.indexes.test_numpy_compat" name="test_numpy_ufuncs_basic[interval-arcsin]" time="0.000" /><testcase classname="tests.indexes.test_numpy_compat" name="test_numpy_ufuncs_basic[interval-arccos]" time="0.000" /><testcase classname="tests.indexes.test_numpy_compat" name="test_numpy_ufuncs_basic[interval-arctan]" time="0.000" /><testcase classname="tests.indexes.test_numpy_compat" name="test_numpy_ufuncs_basic[interval-sinh]" time="0.000" /><testcase classname="tests.indexes.test_numpy_compat" name="test_numpy_ufuncs_basic[interval-cosh]" time="0.000" /><testcase classname="tests.indexes.test_numpy_compat" name="test_numpy_ufuncs_basic[interval-tanh]" time="0.000" /><testcase classname="tests.indexes.test_numpy_compat" name="test_numpy_ufuncs_basic[interval-arcsinh]" time="0.000" /><testcase classname="tests.indexes.test_numpy_compat" name="test_numpy_ufuncs_basic[interval-arccosh]" time="0.000" /><testcase classname="tests.indexes.test_numpy_compat" name="test_numpy_ufuncs_basic[interval-arctanh]" time="0.000" /><testcase classname="tests.indexes.test_numpy_compat" name="test_numpy_ufuncs_basic[interval-deg2rad]" time="0.000" /><testcase classname="tests.indexes.test_numpy_compat" name="test_numpy_ufuncs_basic[interval-rad2deg]" time="0.000" /><testcase classname="tests.indexes.test_numpy_compat" name="test_numpy_ufuncs_basic[empty-exp]" time="0.000" /><testcase classname="tests.indexes.test_numpy_compat" name="test_numpy_ufuncs_basic[empty-exp2]" time="0.000" /><testcase classname="tests.indexes.test_numpy_compat" name="test_numpy_ufuncs_basic[empty-expm1]" time="0.000" /><testcase classname="tests.indexes.test_numpy_compat" name="test_numpy_ufuncs_basic[empty-log]" time="0.000" /><testcase classname="tests.indexes.test_numpy_compat" name="test_numpy_ufuncs_basic[empty-log2]" time="0.000" /><testcase classname="tests.indexes.test_numpy_compat" name="test_numpy_ufuncs_basic[empty-log10]" time="0.000" /><testcase classname="tests.indexes.test_numpy_compat" name="test_numpy_ufuncs_basic[empty-log1p]" time="0.000" /><testcase classname="tests.indexes.test_numpy_compat" name="test_numpy_ufuncs_basic[empty-sqrt]" time="0.000" /><testcase classname="tests.indexes.test_numpy_compat" name="test_numpy_ufuncs_basic[empty-sin]" time="0.000" /><testcase classname="tests.indexes.test_numpy_compat" name="test_numpy_ufuncs_basic[empty-cos]" time="0.000" /><testcase classname="tests.indexes.test_numpy_compat" name="test_numpy_ufuncs_basic[empty-tan]" time="0.000" /><testcase classname="tests.indexes.test_numpy_compat" name="test_numpy_ufuncs_basic[empty-arcsin]" time="0.000" /><testcase classname="tests.indexes.test_numpy_compat" name="test_numpy_ufuncs_basic[empty-arccos]" time="0.000" /><testcase classname="tests.indexes.test_numpy_compat" name="test_numpy_ufuncs_basic[empty-arctan]" time="0.000" /><testcase classname="tests.indexes.test_numpy_compat" name="test_numpy_ufuncs_basic[empty-sinh]" time="0.000" /><testcase classname="tests.indexes.test_numpy_compat" name="test_numpy_ufuncs_basic[empty-cosh]" time="0.000" /><testcase classname="tests.indexes.test_numpy_compat" name="test_numpy_ufuncs_basic[empty-tanh]" time="0.000" /><testcase classname="tests.indexes.test_numpy_compat" name="test_numpy_ufuncs_basic[empty-arcsinh]" time="0.000" /><testcase classname="tests.indexes.test_numpy_compat" name="test_numpy_ufuncs_basic[empty-arccosh]" time="0.000" /><testcase classname="tests.indexes.test_numpy_compat" name="test_numpy_ufuncs_basic[empty-arctanh]" time="0.000" /><testcase classname="tests.indexes.test_numpy_compat" name="test_numpy_ufuncs_basic[empty-deg2rad]" time="0.000" /><testcase classname="tests.indexes.test_numpy_compat" name="test_numpy_ufuncs_basic[empty-rad2deg]" time="0.000" /><testcase classname="tests.indexes.test_numpy_compat" name="test_numpy_ufuncs_basic[tuples-exp]" time="0.000" /><testcase classname="tests.indexes.test_numpy_compat" name="test_numpy_ufuncs_basic[tuples-exp2]" time="0.000" /><testcase classname="tests.indexes.test_numpy_compat" name="test_numpy_ufuncs_basic[tuples-expm1]" time="0.000" /><testcase classname="tests.indexes.test_numpy_compat" name="test_numpy_ufuncs_basic[tuples-log]" time="0.000" /><testcase classname="tests.indexes.test_numpy_compat" name="test_numpy_ufuncs_basic[tuples-log2]" time="0.000" /><testcase classname="tests.indexes.test_numpy_compat" name="test_numpy_ufuncs_basic[tuples-log10]" time="0.000" /><testcase classname="tests.indexes.test_numpy_compat" name="test_numpy_ufuncs_basic[tuples-log1p]" time="0.000" /><testcase classname="tests.indexes.test_numpy_compat" name="test_numpy_ufuncs_basic[tuples-sqrt]" time="0.000" /><testcase classname="tests.indexes.test_numpy_compat" name="test_numpy_ufuncs_basic[tuples-sin]" time="0.000" /><testcase classname="tests.indexes.test_numpy_compat" name="test_numpy_ufuncs_basic[tuples-cos]" time="0.000" /><testcase classname="tests.indexes.test_numpy_compat" name="test_numpy_ufuncs_basic[tuples-tan]" time="0.000" /><testcase classname="tests.indexes.test_numpy_compat" name="test_numpy_ufuncs_basic[tuples-arcsin]" time="0.000" /><testcase classname="tests.indexes.test_numpy_compat" name="test_numpy_ufuncs_basic[tuples-arccos]" time="0.000" /><testcase classname="tests.indexes.test_numpy_compat" name="test_numpy_ufuncs_basic[tuples-arctan]" time="0.000" /><testcase classname="tests.indexes.test_numpy_compat" name="test_numpy_ufuncs_basic[tuples-sinh]" time="0.000" /><testcase classname="tests.indexes.test_numpy_compat" name="test_numpy_ufuncs_basic[tuples-cosh]" time="0.000" /><testcase classname="tests.indexes.test_numpy_compat" name="test_numpy_ufuncs_basic[tuples-tanh]" time="0.000" /><testcase classname="tests.indexes.test_numpy_compat" name="test_numpy_ufuncs_basic[tuples-arcsinh]" time="0.000" /><testcase classname="tests.indexes.test_numpy_compat" name="test_numpy_ufuncs_basic[tuples-arccosh]" time="0.000" /><testcase classname="tests.indexes.test_numpy_compat" name="test_numpy_ufuncs_basic[tuples-arctanh]" time="0.000" /><testcase classname="tests.indexes.test_numpy_compat" name="test_numpy_ufuncs_basic[tuples-deg2rad]" time="0.000" /><testcase classname="tests.indexes.test_numpy_compat" name="test_numpy_ufuncs_basic[tuples-rad2deg]" time="0.000" /><testcase classname="tests.indexes.test_numpy_compat" name="test_numpy_ufuncs_basic[mi-with-dt64tz-level-exp]" time="0.000" /><testcase classname="tests.indexes.test_numpy_compat" name="test_numpy_ufuncs_basic[mi-with-dt64tz-level-exp2]" time="0.000" /><testcase classname="tests.indexes.test_numpy_compat" name="test_numpy_ufuncs_basic[mi-with-dt64tz-level-expm1]" time="0.000" /><testcase classname="tests.indexes.test_numpy_compat" name="test_numpy_ufuncs_basic[mi-with-dt64tz-level-log]" time="0.000" /><testcase classname="tests.indexes.test_numpy_compat" name="test_numpy_ufuncs_basic[mi-with-dt64tz-level-log2]" time="0.000" /><testcase classname="tests.indexes.test_numpy_compat" name="test_numpy_ufuncs_basic[mi-with-dt64tz-level-log10]" time="0.000" /><testcase classname="tests.indexes.test_numpy_compat" name="test_numpy_ufuncs_basic[mi-with-dt64tz-level-log1p]" time="0.000" /><testcase classname="tests.indexes.test_numpy_compat" name="test_numpy_ufuncs_basic[mi-with-dt64tz-level-sqrt]" time="0.000" /><testcase classname="tests.indexes.test_numpy_compat" name="test_numpy_ufuncs_basic[mi-with-dt64tz-level-sin]" time="0.000" /><testcase classname="tests.indexes.test_numpy_compat" name="test_numpy_ufuncs_basic[mi-with-dt64tz-level-cos]" time="0.000" /><testcase classname="tests.indexes.test_numpy_compat" name="test_numpy_ufuncs_basic[mi-with-dt64tz-level-tan]" time="0.000" /><testcase classname="tests.indexes.test_numpy_compat" name="test_numpy_ufuncs_basic[mi-with-dt64tz-level-arcsin]" time="0.000" /><testcase classname="tests.indexes.test_numpy_compat" name="test_numpy_ufuncs_basic[mi-with-dt64tz-level-arccos]" time="0.000" /><testcase classname="tests.indexes.test_numpy_compat" name="test_numpy_ufuncs_basic[mi-with-dt64tz-level-arctan]" time="0.000" /><testcase classname="tests.indexes.test_numpy_compat" name="test_numpy_ufuncs_basic[mi-with-dt64tz-level-sinh]" time="0.000" /><testcase classname="tests.indexes.test_numpy_compat" name="test_numpy_ufuncs_basic[mi-with-dt64tz-level-cosh]" time="0.000" /><testcase classname="tests.indexes.test_numpy_compat" name="test_numpy_ufuncs_basic[mi-with-dt64tz-level-tanh]" time="0.000" /><testcase classname="tests.indexes.test_numpy_compat" name="test_numpy_ufuncs_basic[mi-with-dt64tz-level-arcsinh]" time="0.000" /><testcase classname="tests.indexes.test_numpy_compat" name="test_numpy_ufuncs_basic[mi-with-dt64tz-level-arccosh]" time="0.000" /><testcase classname="tests.indexes.test_numpy_compat" name="test_numpy_ufuncs_basic[mi-with-dt64tz-level-arctanh]" time="0.000" /><testcase classname="tests.indexes.test_numpy_compat" name="test_numpy_ufuncs_basic[mi-with-dt64tz-level-deg2rad]" time="0.000" /><testcase classname="tests.indexes.test_numpy_compat" name="test_numpy_ufuncs_basic[mi-with-dt64tz-level-rad2deg]" time="0.000" /><testcase classname="tests.indexes.test_numpy_compat" name="test_numpy_ufuncs_basic[multi-exp]" time="0.000" /><testcase classname="tests.indexes.test_numpy_compat" name="test_numpy_ufuncs_basic[multi-exp2]" time="0.000" /><testcase classname="tests.indexes.test_numpy_compat" name="test_numpy_ufuncs_basic[multi-expm1]" time="0.000" /><testcase classname="tests.indexes.test_numpy_compat" name="test_numpy_ufuncs_basic[multi-log]" time="0.000" /><testcase classname="tests.indexes.test_numpy_compat" name="test_numpy_ufuncs_basic[multi-log2]" time="0.000" /><testcase classname="tests.indexes.test_numpy_compat" name="test_numpy_ufuncs_basic[multi-log10]" time="0.001" /><testcase classname="tests.indexes.test_numpy_compat" name="test_numpy_ufuncs_basic[multi-log1p]" time="0.000" /><testcase classname="tests.indexes.test_numpy_compat" name="test_numpy_ufuncs_basic[multi-sqrt]" time="0.000" /><testcase classname="tests.indexes.test_numpy_compat" name="test_numpy_ufuncs_basic[multi-sin]" time="0.000" /><testcase classname="tests.indexes.test_numpy_compat" name="test_numpy_ufuncs_basic[multi-cos]" time="0.000" /><testcase classname="tests.indexes.test_numpy_compat" name="test_numpy_ufuncs_basic[multi-tan]" time="0.000" /><testcase classname="tests.indexes.test_numpy_compat" name="test_numpy_ufuncs_basic[multi-arcsin]" time="0.000" /><testcase classname="tests.indexes.test_numpy_compat" name="test_numpy_ufuncs_basic[multi-arccos]" time="0.000" /><testcase classname="tests.indexes.test_numpy_compat" name="test_numpy_ufuncs_basic[multi-arctan]" time="0.000" /><testcase classname="tests.indexes.test_numpy_compat" name="test_numpy_ufuncs_basic[multi-sinh]" time="0.000" /><testcase classname="tests.indexes.test_numpy_compat" name="test_numpy_ufuncs_basic[multi-cosh]" time="0.000" /><testcase classname="tests.indexes.test_numpy_compat" name="test_numpy_ufuncs_basic[multi-tanh]" time="0.000" /><testcase classname="tests.indexes.test_numpy_compat" name="test_numpy_ufuncs_basic[multi-arcsinh]" time="0.000" /><testcase classname="tests.indexes.test_numpy_compat" name="test_numpy_ufuncs_basic[multi-arccosh]" time="0.000" /><testcase classname="tests.indexes.test_numpy_compat" name="test_numpy_ufuncs_basic[multi-arctanh]" time="0.000" /><testcase classname="tests.indexes.test_numpy_compat" name="test_numpy_ufuncs_basic[multi-deg2rad]" time="0.000" /><testcase classname="tests.indexes.test_numpy_compat" name="test_numpy_ufuncs_basic[multi-rad2deg]" time="0.000" /><testcase classname="tests.indexes.test_numpy_compat" name="test_numpy_ufuncs_basic[repeats-exp]" time="0.012" /><testcase classname="tests.indexes.test_numpy_compat" name="test_numpy_ufuncs_basic[repeats-exp2]" time="0.000" /><testcase classname="tests.indexes.test_numpy_compat" name="test_numpy_ufuncs_basic[repeats-expm1]" time="0.000" /><testcase classname="tests.indexes.test_numpy_compat" name="test_numpy_ufuncs_basic[repeats-log]" time="0.000" /><testcase classname="tests.indexes.test_numpy_compat" name="test_numpy_ufuncs_basic[repeats-log2]" time="0.000" /><testcase classname="tests.indexes.test_numpy_compat" name="test_numpy_ufuncs_basic[repeats-log10]" time="0.000" /><testcase classname="tests.indexes.test_numpy_compat" name="test_numpy_ufuncs_basic[repeats-log1p]" time="0.000" /><testcase classname="tests.indexes.test_numpy_compat" name="test_numpy_ufuncs_basic[repeats-sqrt]" time="0.000" /><testcase classname="tests.indexes.test_numpy_compat" name="test_numpy_ufuncs_basic[repeats-sin]" time="0.000" /><testcase classname="tests.indexes.test_numpy_compat" name="test_numpy_ufuncs_basic[repeats-cos]" time="0.000" /><testcase classname="tests.indexes.test_numpy_compat" name="test_numpy_ufuncs_basic[repeats-tan]" time="0.000" /><testcase classname="tests.indexes.test_numpy_compat" name="test_numpy_ufuncs_basic[repeats-arcsin]" time="0.000" /><testcase classname="tests.indexes.test_numpy_compat" name="test_numpy_ufuncs_basic[repeats-arccos]" time="0.000" /><testcase classname="tests.indexes.test_numpy_compat" name="test_numpy_ufuncs_basic[repeats-arctan]" time="0.000" /><testcase classname="tests.indexes.test_numpy_compat" name="test_numpy_ufuncs_basic[repeats-sinh]" time="0.000" /><testcase classname="tests.indexes.test_numpy_compat" name="test_numpy_ufuncs_basic[repeats-cosh]" time="0.000" /><testcase classname="tests.indexes.test_numpy_compat" name="test_numpy_ufuncs_basic[repeats-tanh]" time="0.000" /><testcase classname="tests.indexes.test_numpy_compat" name="test_numpy_ufuncs_basic[repeats-arcsinh]" time="0.000" /><testcase classname="tests.indexes.test_numpy_compat" name="test_numpy_ufuncs_basic[repeats-arccosh]" time="0.000" /><testcase classname="tests.indexes.test_numpy_compat" name="test_numpy_ufuncs_basic[repeats-arctanh]" time="0.000" /><testcase classname="tests.indexes.test_numpy_compat" name="test_numpy_ufuncs_basic[repeats-deg2rad]" time="0.000" /><testcase classname="tests.indexes.test_numpy_compat" name="test_numpy_ufuncs_basic[repeats-rad2deg]" time="0.000" /><testcase classname="tests.indexes.test_numpy_compat" name="test_numpy_ufuncs_basic[nullable_int-exp]" time="0.000" /><testcase classname="tests.indexes.test_numpy_compat" name="test_numpy_ufuncs_basic[nullable_int-exp2]" time="0.000" /><testcase classname="tests.indexes.test_numpy_compat" name="test_numpy_ufuncs_basic[nullable_int-expm1]" time="0.000" /><testcase classname="tests.indexes.test_numpy_compat" name="test_numpy_ufuncs_basic[nullable_int-log]" time="0.000" /><testcase classname="tests.indexes.test_numpy_compat" name="test_numpy_ufuncs_basic[nullable_int-log2]" time="0.000" /><testcase classname="tests.indexes.test_numpy_compat" name="test_numpy_ufuncs_basic[nullable_int-log10]" time="0.000" /><testcase classname="tests.indexes.test_numpy_compat" name="test_numpy_ufuncs_basic[nullable_int-log1p]" time="0.000" /><testcase classname="tests.indexes.test_numpy_compat" name="test_numpy_ufuncs_basic[nullable_int-sqrt]" time="0.000" /><testcase classname="tests.indexes.test_numpy_compat" name="test_numpy_ufuncs_basic[nullable_int-sin]" time="0.000" /><testcase classname="tests.indexes.test_numpy_compat" name="test_numpy_ufuncs_basic[nullable_int-cos]" time="0.000" /><testcase classname="tests.indexes.test_numpy_compat" name="test_numpy_ufuncs_basic[nullable_int-tan]" time="0.000" /><testcase classname="tests.indexes.test_numpy_compat" name="test_numpy_ufuncs_basic[nullable_int-arcsin]" time="0.000" /><testcase classname="tests.indexes.test_numpy_compat" name="test_numpy_ufuncs_basic[nullable_int-arccos]" time="0.000" /><testcase classname="tests.indexes.test_numpy_compat" name="test_numpy_ufuncs_basic[nullable_int-arctan]" time="0.000" /><testcase classname="tests.indexes.test_numpy_compat" name="test_numpy_ufuncs_basic[nullable_int-sinh]" time="0.000" /><testcase classname="tests.indexes.test_numpy_compat" name="test_numpy_ufuncs_basic[nullable_int-cosh]" time="0.000" /><testcase classname="tests.indexes.test_numpy_compat" name="test_numpy_ufuncs_basic[nullable_int-tanh]" time="0.000" /><testcase classname="tests.indexes.test_numpy_compat" name="test_numpy_ufuncs_basic[nullable_int-arcsinh]" time="0.000" /><testcase classname="tests.indexes.test_numpy_compat" name="test_numpy_ufuncs_basic[nullable_int-arccosh]" time="0.000" /><testcase classname="tests.indexes.test_numpy_compat" name="test_numpy_ufuncs_basic[nullable_int-arctanh]" time="0.000" /><testcase classname="tests.indexes.test_numpy_compat" name="test_numpy_ufuncs_basic[nullable_int-deg2rad]" time="0.000" /><testcase classname="tests.indexes.test_numpy_compat" name="test_numpy_ufuncs_basic[nullable_int-rad2deg]" time="0.000" /><testcase classname="tests.indexes.test_numpy_compat" name="test_numpy_ufuncs_basic[nullable_uint-exp]" time="0.000" /><testcase classname="tests.indexes.test_numpy_compat" name="test_numpy_ufuncs_basic[nullable_uint-exp2]" time="0.000" /><testcase classname="tests.indexes.test_numpy_compat" name="test_numpy_ufuncs_basic[nullable_uint-expm1]" time="0.000" /><testcase classname="tests.indexes.test_numpy_compat" name="test_numpy_ufuncs_basic[nullable_uint-log]" time="0.000" /><testcase classname="tests.indexes.test_numpy_compat" name="test_numpy_ufuncs_basic[nullable_uint-log2]" time="0.000" /><testcase classname="tests.indexes.test_numpy_compat" name="test_numpy_ufuncs_basic[nullable_uint-log10]" time="0.000" /><testcase classname="tests.indexes.test_numpy_compat" name="test_numpy_ufuncs_basic[nullable_uint-log1p]" time="0.000" /><testcase classname="tests.indexes.test_numpy_compat" name="test_numpy_ufuncs_basic[nullable_uint-sqrt]" time="0.000" /><testcase classname="tests.indexes.test_numpy_compat" name="test_numpy_ufuncs_basic[nullable_uint-sin]" time="0.000" /><testcase classname="tests.indexes.test_numpy_compat" name="test_numpy_ufuncs_basic[nullable_uint-cos]" time="0.000" /><testcase classname="tests.indexes.test_numpy_compat" name="test_numpy_ufuncs_basic[nullable_uint-tan]" time="0.000" /><testcase classname="tests.indexes.test_numpy_compat" name="test_numpy_ufuncs_basic[nullable_uint-arcsin]" time="0.000" /><testcase classname="tests.indexes.test_numpy_compat" name="test_numpy_ufuncs_basic[nullable_uint-arccos]" time="0.000" /><testcase classname="tests.indexes.test_numpy_compat" name="test_numpy_ufuncs_basic[nullable_uint-arctan]" time="0.000" /><testcase classname="tests.indexes.test_numpy_compat" name="test_numpy_ufuncs_basic[nullable_uint-sinh]" time="0.000" /><testcase classname="tests.indexes.test_numpy_compat" name="test_numpy_ufuncs_basic[nullable_uint-cosh]" time="0.000" /><testcase classname="tests.indexes.test_numpy_compat" name="test_numpy_ufuncs_basic[nullable_uint-tanh]" time="0.000" /><testcase classname="tests.indexes.test_numpy_compat" name="test_numpy_ufuncs_basic[nullable_uint-arcsinh]" time="0.000" /><testcase classname="tests.indexes.test_numpy_compat" name="test_numpy_ufuncs_basic[nullable_uint-arccosh]" time="0.000" /><testcase classname="tests.indexes.test_numpy_compat" name="test_numpy_ufuncs_basic[nullable_uint-arctanh]" time="0.000" /><testcase classname="tests.indexes.test_numpy_compat" name="test_numpy_ufuncs_basic[nullable_uint-deg2rad]" time="0.000" /><testcase classname="tests.indexes.test_numpy_compat" name="test_numpy_ufuncs_basic[nullable_uint-rad2deg]" time="0.000" /><testcase classname="tests.indexes.test_numpy_compat" name="test_numpy_ufuncs_basic[nullable_float-exp]" time="0.000" /><testcase classname="tests.indexes.test_numpy_compat" name="test_numpy_ufuncs_basic[nullable_float-exp2]" time="0.000" /><testcase classname="tests.indexes.test_numpy_compat" name="test_numpy_ufuncs_basic[nullable_float-expm1]" time="0.000" /><testcase classname="tests.indexes.test_numpy_compat" name="test_numpy_ufuncs_basic[nullable_float-log]" time="0.000" /><testcase classname="tests.indexes.test_numpy_compat" name="test_numpy_ufuncs_basic[nullable_float-log2]" time="0.000" /><testcase classname="tests.indexes.test_numpy_compat" name="test_numpy_ufuncs_basic[nullable_float-log10]" time="0.000" /><testcase classname="tests.indexes.test_numpy_compat" name="test_numpy_ufuncs_basic[nullable_float-log1p]" time="0.000" /><testcase classname="tests.indexes.test_numpy_compat" name="test_numpy_ufuncs_basic[nullable_float-sqrt]" time="0.000" /><testcase classname="tests.indexes.test_numpy_compat" name="test_numpy_ufuncs_basic[nullable_float-sin]" time="0.000" /><testcase classname="tests.indexes.test_numpy_compat" name="test_numpy_ufuncs_basic[nullable_float-cos]" time="0.000" /><testcase classname="tests.indexes.test_numpy_compat" name="test_numpy_ufuncs_basic[nullable_float-tan]" time="0.000" /><testcase classname="tests.indexes.test_numpy_compat" name="test_numpy_ufuncs_basic[nullable_float-arcsin]" time="0.000" /><testcase classname="tests.indexes.test_numpy_compat" name="test_numpy_ufuncs_basic[nullable_float-arccos]" time="0.000" /><testcase classname="tests.indexes.test_numpy_compat" name="test_numpy_ufuncs_basic[nullable_float-arctan]" time="0.000" /><testcase classname="tests.indexes.test_numpy_compat" name="test_numpy_ufuncs_basic[nullable_float-sinh]" time="0.000" /><testcase classname="tests.indexes.test_numpy_compat" name="test_numpy_ufuncs_basic[nullable_float-cosh]" time="0.000" /><testcase classname="tests.indexes.test_numpy_compat" name="test_numpy_ufuncs_basic[nullable_float-tanh]" time="0.000" /><testcase classname="tests.indexes.test_numpy_compat" name="test_numpy_ufuncs_basic[nullable_float-arcsinh]" time="0.000" /><testcase classname="tests.indexes.test_numpy_compat" name="test_numpy_ufuncs_basic[nullable_float-arccosh]" time="0.000" /><testcase classname="tests.indexes.test_numpy_compat" name="test_numpy_ufuncs_basic[nullable_float-arctanh]" time="0.000" /><testcase classname="tests.indexes.test_numpy_compat" name="test_nump
[...]
ame="tests.indexes.test_numpy_compat" name="test_numpy_ufuncs_other[int32-isnan]" time="0.000" /><testcase classname="tests.indexes.test_numpy_compat" name="test_numpy_ufuncs_other[int32-signbit]" time="0.000" /><testcase classname="tests.indexes.test_numpy_compat" name="test_numpy_ufuncs_other[int64-isfinite]" time="0.000" /><testcase classname="tests.indexes.test_numpy_compat" name="test_numpy_ufuncs_other[int64-isinf]" time="0.000" /><testcase classname="tests.indexes.test_numpy_compat" name="test_numpy_ufuncs_other[int64-isnan]" time="0.000" /><testcase classname="tests.indexes.test_numpy_compat" name="test_numpy_ufuncs_other[int64-signbit]" time="0.000" /><testcase classname="tests.indexes.test_numpy_compat" name="test_numpy_ufuncs_other[uint8-isfinite]" time="0.000" /><testcase classname="tests.indexes.test_numpy_compat" name="test_numpy_ufuncs_other[uint8-isinf]" time="0.000" /><testcase classname="tests.indexes.test_numpy_compat" name="test_numpy_ufuncs_other[uint8-isnan]" time="0.000" /><testcase classname="tests.indexes.test_numpy_compat" name="test_numpy_ufuncs_other[uint8-signbit]" time="0.000" /><testcase classname="tests.indexes.test_numpy_compat" name="test_numpy_ufuncs_other[uint16-isfinite]" time="0.000" /><testcase classname="tests.indexes.test_numpy_compat" name="test_numpy_ufuncs_other[uint16-isinf]" time="0.000" /><testcase classname="tests.indexes.test_numpy_compat" name="test_numpy_ufuncs_other[uint16-isnan]" time="0.000" /><testcase classname="tests.indexes.test_numpy_compat" name="test_numpy_ufuncs_other[uint16-signbit]" time="0.000" /><testcase classname="tests.indexes.test_numpy_compat" name="test_numpy_ufuncs_other[uint32-isfinite]" time="0.000" /><testcase classname="tests.indexes.test_numpy_compat" name="test_numpy_ufuncs_other[uint32-isinf]" time="0.000" /><testcase classname="tests.indexes.test_numpy_compat" name="test_numpy_ufuncs_other[uint32-isnan]" time="0.000" /><testcase classname="tests.indexes.test_numpy_compat" name="test_numpy_ufuncs_other[uint32-signbit]" time="0.000" /><testcase classname="tests.indexes.test_numpy_compat" name="test_numpy_ufuncs_other[uint64-isfinite]" time="0.000" /><testcase classname="tests.indexes.test_numpy_compat" name="test_numpy_ufuncs_other[uint64-isinf]" time="0.000" /><testcase classname="tests.indexes.test_numpy_compat" name="test_numpy_ufuncs_other[uint64-isnan]" time="0.000" /><testcase classname="tests.indexes.test_numpy_compat" name="test_numpy_ufuncs_other[uint64-signbit]" time="0.000" /><testcase classname="tests.indexes.test_numpy_compat" name="test_numpy_ufuncs_other[float32-isfinite]" time="0.000" /><testcase classname="tests.indexes.test_numpy_compat" name="test_numpy_ufuncs_other[float32-isinf]" time="0.000" /><testcase classname="tests.indexes.test_numpy_compat" name="test_numpy_ufuncs_other[float32-isnan]" time="0.000" /><testcase classname="tests.indexes.test_numpy_compat" name="test_numpy_ufuncs_other[float32-signbit]" time="0.000" /><testcase classname="tests.indexes.test_numpy_compat" name="test_numpy_ufuncs_other[float64-isfinite]" time="0.000" /><testcase classname="tests.indexes.test_numpy_compat" name="test_numpy_ufuncs_other[float64-isinf]" time="0.000" /><testcase classname="tests.indexes.test_numpy_compat" name="test_numpy_ufuncs_other[float64-isnan]" time="0.000" /><testcase classname="tests.indexes.test_numpy_compat" name="test_numpy_ufuncs_other[float64-signbit]" time="0.000" /><testcase classname="tests.indexes.test_numpy_compat" name="test_numpy_ufuncs_other[bool-object-isfinite]" time="0.000" /><testcase classname="tests.indexes.test_numpy_compat" name="test_numpy_ufuncs_other[bool-object-isinf]" time="0.000" /><testcase classname="tests.indexes.test_numpy_compat" name="test_numpy_ufuncs_other[bool-object-isnan]" time="0.000" /><testcase classname="tests.indexes.test_numpy_compat" name="test_numpy_ufuncs_other[bool-object-signbit]" time="0.000" /><testcase classname="tests.indexes.test_numpy_compat" name="test_numpy_ufuncs_other[bool-dtype-isfinite]" time="0.000" /><testcase classname="tests.indexes.test_numpy_compat" name="test_numpy_ufuncs_other[bool-dtype-isinf]" time="0.000" /><testcase classname="tests.indexes.test_numpy_compat" name="test_numpy_ufuncs_other[bool-dtype-isnan]" time="0.000" /><testcase classname="tests.indexes.test_numpy_compat" name="test_numpy_ufuncs_other[bool-dtype-signbit]" time="0.000" /><testcase classname="tests.indexes.test_numpy_compat" name="test_numpy_ufuncs_other[complex64-isfinite]" time="0.000" /><testcase classname="tests.indexes.test_numpy_compat" name="test_numpy_ufuncs_other[complex64-isinf]" time="0.000" /><testcase classname="tests.indexes.test_numpy_compat" name="test_numpy_ufuncs_other[complex64-isnan]" time="0.000" /><testcase classname="tests.indexes.test_numpy_compat" name="test_numpy_ufuncs_other[complex64-signbit]" time="0.000" /><testcase classname="tests.indexes.test_numpy_compat" name="test_numpy_ufuncs_other[complex128-isfinite]" time="0.000" /><testcase classname="tests.indexes.test_numpy_compat" name="test_numpy_ufuncs_other[complex128-isinf]" time="0.000" /><testcase classname="tests.indexes.test_numpy_compat" name="test_numpy_ufuncs_other[complex128-isnan]" time="0.000" /><testcase classname="tests.indexes.test_numpy_compat" name="test_numpy_ufuncs_other[complex128-signbit]" time="0.000" /><testcase classname="tests.indexes.test_numpy_compat" name="test_numpy_ufuncs_other[categorical-isfinite]" time="0.000" /><testcase classname="tests.indexes.test_numpy_compat" name="test_numpy_ufuncs_other[categorical-isinf]" time="0.000" /><testcase classname="tests.indexes.test_numpy_compat" name="test_numpy_ufuncs_other[categorical-isnan]" time="0.000" /><testcase classname="tests.indexes.test_numpy_compat" name="test_numpy_ufuncs_other[categorical-signbit]" time="0.000" /><testcase classname="tests.indexes.test_numpy_compat" name="test_numpy_ufuncs_other[interval-isfinite]" time="0.001" /><testcase classname="tests.indexes.test_numpy_compat" name="test_numpy_ufuncs_other[interval-isinf]" time="0.000" /><testcase classname="tests.indexes.test_numpy_compat" name="test_numpy_ufuncs_other[interval-isnan]" time="0.000" /><testcase classname="tests.indexes.test_numpy_compat" name="test_numpy_ufuncs_other[interval-signbit]" time="0.000" /><testcase classname="tests.indexes.test_numpy_compat" name="test_numpy_ufuncs_other[empty-isfinite]" time="0.000" /><testcase classname="tests.indexes.test_numpy_compat" name="test_numpy_ufuncs_other[empty-isinf]" time="0.000" /><testcase classname="tests.indexes.test_numpy_compat" name="test_numpy_ufuncs_other[empty-isnan]" time="0.000" /><testcase classname="tests.indexes.test_numpy_compat" name="test_numpy_ufuncs_other[empty-signbit]" time="0.000" /><testcase classname="tests.indexes.test_numpy_compat" name="test_numpy_ufuncs_other[tuples-isfinite]" time="0.000" /><testcase classname="tests.indexes.test_numpy_compat" name="test_numpy_ufuncs_other[tuples-isinf]" time="0.000" /><testcase classname="tests.indexes.test_numpy_compat" name="test_numpy_ufuncs_other[tuples-isnan]" time="0.000" /><testcase classname="tests.indexes.test_numpy_compat" name="test_numpy_ufuncs_other[tuples-signbit]" time="0.000" /><testcase classname="tests.indexes.test_numpy_compat" name="test_numpy_ufuncs_other[mi-with-dt64tz-level-isfinite]" time="0.000" /><testcase classname="tests.indexes.test_numpy_compat" name="test_numpy_ufuncs_other[mi-with-dt64tz-level-isinf]" time="0.000" /><testcase classname="tests.indexes.test_numpy_compat" name="test_numpy_ufuncs_other[mi-with-dt64tz-level-isnan]" time="0.000" /><testcase classname="tests.indexes.test_numpy_compat" name="test_numpy_ufuncs_other[mi-with-dt64tz-level-signbit]" time="0.000" /><testcase classname="tests.indexes.test_numpy_compat" name="test_numpy_ufuncs_other[multi-isfinite]" time="0.000" /><testcase classname="tests.indexes.test_numpy_compat" name="test_numpy_ufuncs_other[multi-isinf]" time="0.000" /><testcase classname="tests.indexes.test_numpy_compat" name="test_numpy_ufuncs_other[multi-isnan]" time="0.000" /><testcase classname="tests.indexes.test_numpy_compat" name="test_numpy_ufuncs_other[multi-signbit]" time="0.000" /><testcase classname="tests.indexes.test_numpy_compat" name="test_numpy_ufuncs_other[repeats-isfinite]" time="0.000" /><testcase classname="tests.indexes.test_numpy_compat" name="test_numpy_ufuncs_other[repeats-isinf]" time="0.000" /><testcase classname="tests.indexes.test_numpy_compat" name="test_numpy_ufuncs_other[repeats-isnan]" time="0.000" /><testcase classname="tests.indexes.test_numpy_compat" name="test_numpy_ufuncs_other[repeats-signbit]" time="0.000" /><testcase classname="tests.indexes.test_numpy_compat" name="test_numpy_ufuncs_other[nullable_int-isfinite]" time="0.000" /><testcase classname="tests.indexes.test_numpy_compat" name="test_numpy_ufuncs_other[nullable_int-isinf]" time="0.000" /><testcase classname="tests.indexes.test_numpy_compat" name="test_numpy_ufuncs_other[nullable_int-isnan]" time="0.000" /><testcase classname="tests.indexes.test_numpy_compat" name="test_numpy_ufuncs_other[nullable_int-signbit]" time="0.000" /><testcase classname="tests.indexes.test_numpy_compat" name="test_numpy_ufuncs_other[nullable_uint-isfinite]" time="0.000" /><testcase classname="tests.indexes.test_numpy_compat" name="test_numpy_ufuncs_other[nullable_uint-isinf]" time="0.000" /><testcase classname="tests.indexes.test_numpy_compat" name="test_numpy_ufuncs_other[nullable_uint-isnan]" time="0.000" /><testcase classname="tests.indexes.test_numpy_compat" name="test_numpy_ufuncs_other[nullable_uint-signbit]" time="0.000" /><testcase classname="tests.indexes.test_numpy_compat" name="test_numpy_ufuncs_other[nullable_float-isfinite]" time="0.000" /><testcase classname="tests.indexes.test_numpy_compat" name="test_numpy_ufuncs_other[nullable_float-isinf]" time="0.000" /><testcase classname="tests.indexes.test_numpy_compat" name="test_numpy_ufuncs_other[nullable_float-isnan]" time="0.000" /><testcase classname="tests.indexes.test_numpy_compat" name="test_numpy_ufuncs_other[nullable_float-signbit]" time="0.000" /><testcase classname="tests.indexes.test_numpy_compat" name="test_numpy_ufuncs_other[nullable_bool-isfinite]" time="0.000" /><testcase classname="tests.indexes.test_numpy_compat" name="test_numpy_ufuncs_other[nullable_bool-isinf]" time="0.000" /><testcase classname="tests.indexes.test_numpy_compat" name="test_numpy_ufuncs_other[nullable_bool-isnan]" time="0.000" /><testcase classname="tests.indexes.test_numpy_compat" name="test_numpy_ufuncs_other[nullable_bool-signbit]" time="0.000" /><testcase classname="tests.indexes.test_numpy_compat" name="test_numpy_ufuncs_other[string-python-isfinite]" time="0.000" /><testcase classname="tests.indexes.test_numpy_compat" name="test_numpy_ufuncs_other[string-python-isinf]" time="0.000" /><testcase classname="tests.indexes.test_numpy_compat" name="test_numpy_ufuncs_other[string-python-isnan]" time="0.000" /><testcase classname="tests.indexes.test_numpy_compat" name="test_numpy_ufuncs_other[string-python-signbit]" time="0.000" /><testcase classname="tests.indexes.test_numpy_compat" name="test_numpy_ufuncs_reductions[string-maximum]" time="0.000" /><testcase classname="tests.indexes.test_numpy_compat" name="test_numpy_ufuncs_reductions[string-minimum]" time="0.000" /><testcase classname="tests.indexes.test_numpy_compat" name="test_numpy_ufuncs_reductions[datetime-maximum]" time="0.000" /><testcase classname="tests.indexes.test_numpy_compat" name="test_numpy_ufuncs_reductions[datetime-minimum]" time="0.000" /><testcase classname="tests.indexes.test_numpy_compat" name="test_numpy_ufuncs_reductions[datetime-tz-maximum]" time="0.000" /><testcase classname="tests.indexes.test_numpy_compat" name="test_numpy_ufuncs_reductions[datetime-tz-minimum]" time="0.000" /><testcase classname="tests.indexes.test_numpy_compat" name="test_numpy_ufuncs_reductions[period-maximum]" time="0.000" /><testcase classname="tests.indexes.test_numpy_compat" name="test_numpy_ufuncs_reductions[period-minimum]" time="0.000" /><testcase classname="tests.indexes.test_numpy_compat" name="test_numpy_ufuncs_reductions[timedelta-maximum]" time="0.000" /><testcase classname="tests.indexes.test_numpy_compat" name="test_numpy_ufuncs_reductions[timedelta-minimum]" time="0.000" /><testcase classname="tests.indexes.test_numpy_compat" name="test_numpy_ufuncs_reductions[range-maximum]" time="0.000" /><testcase classname="tests.indexes.test_numpy_compat" name="test_numpy_ufuncs_reductions[range-minimum]" time="0.000" /><testcase classname="tests.indexes.test_numpy_compat" name="test_numpy_ufuncs_reductions[int8-maximum]" time="0.000" /><testcase classname="tests.indexes.test_numpy_compat" name="test_numpy_ufuncs_reductions[int8-minimum]" time="0.000" /><testcase classname="tests.indexes.test_numpy_compat" name="test_numpy_ufuncs_reductions[int16-maximum]" time="0.000" /><testcase classname="tests.indexes.test_numpy_compat" name="test_numpy_ufuncs_reductions[int16-minimum]" time="0.000" /><testcase classname="tests.indexes.test_numpy_compat" name="test_numpy_ufuncs_reductions[int32-maximum]" time="0.000" /><testcase classname="tests.indexes.test_numpy_compat" name="test_numpy_ufuncs_reductions[int32-minimum]" time="0.000" /><testcase classname="tests.indexes.test_numpy_compat" name="test_numpy_ufuncs_reductions[int64-maximum]" time="0.000" /><testcase classname="tests.indexes.test_numpy_compat" name="test_numpy_ufuncs_reductions[int64-minimum]" time="0.000" /><testcase classname="tests.indexes.test_numpy_compat" name="test_numpy_ufuncs_reductions[uint8-maximum]" time="0.000" /><testcase classname="tests.indexes.test_numpy_compat" name="test_numpy_ufuncs_reductions[uint8-minimum]" time="0.000" /><testcase classname="tests.indexes.test_numpy_compat" name="test_numpy_ufuncs_reductions[uint16-maximum]" time="0.000" /><testcase classname="tests.indexes.test_numpy_compat" name="test_numpy_ufuncs_reductions[uint16-minimum]" time="0.000" /><testcase classname="tests.indexes.test_numpy_compat" name="test_numpy_ufuncs_reductions[uint32-maximum]" time="0.000" /><testcase classname="tests.indexes.test_numpy_compat" name="test_numpy_ufuncs_reductions[uint32-minimum]" time="0.000" /><testcase classname="tests.indexes.test_numpy_compat" name="test_numpy_ufuncs_reductions[uint64-maximum]" time="0.000" /><testcase classname="tests.indexes.test_numpy_compat" name="test_numpy_ufuncs_reductions[uint64-minimum]" time="0.000" /><testcase classname="tests.indexes.test_numpy_compat" name="test_numpy_ufuncs_reductions[float32-maximum]" time="0.000" /><testcase classname="tests.indexes.test_numpy_compat" name="test_numpy_ufuncs_reductions[float32-minimum]" time="0.000" /><testcase classname="tests.indexes.test_numpy_compat" name="test_numpy_ufuncs_reductions[float64-maximum]" time="0.000" /><testcase classname="tests.indexes.test_numpy_compat" name="test_numpy_ufuncs_reductions[float64-minimum]" time="0.000" /><testcase classname="tests.indexes.test_numpy_compat" name="test_numpy_ufuncs_reductions[bool-object-maximum]" time="0.000" /><testcase classname="tests.indexes.test_numpy_compat" name="test_numpy_ufuncs_reductions[bool-object-minimum]" time="0.000" /><testcase classname="tests.indexes.test_numpy_compat" name="test_numpy_ufuncs_reductions[bool-dtype-maximum]" time="0.000" /><testcase classname="tests.indexes.test_numpy_compat" name="test_numpy_ufuncs_reductions[bool-dtype-minimum]" time="0.000" /><testcase classname="tests.indexes.test_numpy_compat" name="test_numpy_ufuncs_reductions[complex64-maximum]" time="0.000" /><testcase classname="tests.indexes.test_numpy_compat" name="test_numpy_ufuncs_reductions[complex64-minimum]" time="0.000" /><testcase classname="tests.indexes.test_numpy_compat" name="test_numpy_ufuncs_reductions[complex128-maximum]" time="0.000" /><testcase classname="tests.indexes.test_numpy_compat" name="test_numpy_ufuncs_reductions[complex128-minimum]" time="0.000" /><testcase classname="tests.indexes.test_numpy_compat" name="test_numpy_ufuncs_reductions[categorical-maximum]" time="0.000" /><testcase classname="tests.indexes.test_numpy_compat" name="test_numpy_ufuncs_reductions[categorical-minimum]" time="0.000" /><testcase classname="tests.indexes.test_numpy_compat" name="test_numpy_ufuncs_reductions[interval-maximum]" time="0.000" /><testcase classname="tests.indexes.test_numpy_compat" name="test_numpy_ufuncs_reductions[interval-minimum]" time="0.000" /><testcase classname="tests.indexes.test_numpy_compat" name="test_numpy_ufuncs_reductions[empty-maximum]" time="0.000"><skipped type="pytest.skip" message="Test doesn't make sense for empty index.">/Users/yukachen/marketing-operation/serviceable-addressable-market-list/hiring-post-quality-check/.venv/lib/python3.10/site-packages/pandas/tests/indexes/test_numpy_compat.py:157: Test doesn't make sense for empty index.</skipped></testcase><testcase classname="tests.indexes.test_numpy_compat" name="test_numpy_ufuncs_reductions[empty-minimum]" time="0.000"><skipped type="pytest.skip" message="Test doesn't make sense for empty index.">/Users/yukachen/marketing-operation/serviceable-addressable-market-list/hiring-post-quality-check/.venv/lib/python3.10/site-packages/pandas/tests/indexes/test_numpy_compat.py:157: Test doesn't make sense for empty index.</skipped></testcase><testcase classname="tests.indexes.test_numpy_compat" name="test_numpy_ufuncs_reductions[tuples-maximum]" time="0.000" /><testcase classname="tests.indexes.test_numpy_compat" name="test_numpy_ufuncs_reductions[tuples-minimum]" time="0.000" /><testcase classname="tests.indexes.test_numpy_compat" name="test_numpy_ufuncs_reductions[mi-with-dt64tz-level-maximum]" time="0.000" /><testcase classname="tests.indexes.test_numpy_compat" name="test_numpy_ufuncs_reductions[mi-with-dt64tz-level-minimum]" time="0.000" /><testcase classname="tests.indexes.test_numpy_compat" name="test_numpy_ufuncs_reductions[multi-maximum]" time="0.000" /><testcase classname="tests.indexes.test_numpy_compat" name="test_numpy_ufuncs_reductions[multi-minimum]" time="0.000" /><testcase classname="tests.indexes.test_numpy_compat" name="test_numpy_ufuncs_reductions[repeats-maximum]" time="0.000" /><testcase classname="tests.indexes.test_numpy_compat" name="test_numpy_ufuncs_reductions[repeats-minimum]" time="0.000" /><testcase classname="tests.indexes.test_numpy_compat" name="test_numpy_ufuncs_reductions[nullable_int-maximum]" time="0.000" /><testcase classname="tests.indexes.test_numpy_compat" name="test_numpy_ufuncs_reductions[nullable_int-minimum]" time="0.000" /><testcase classname="tests.indexes.test_numpy_compat" name="test_numpy_ufuncs_reductions[nullable_uint-maximum]" time="0.000" /><testcase classname="tests.indexes.test_numpy_compat" name="test_numpy_ufuncs_reductions[nullable_uint-minimum]" time="0.000" /><testcase classname="tests.indexes.test_numpy_compat" name="test_numpy_ufuncs_reductions[nullable_float-maximum]" time="0.000" /><testcase classname="tests.indexes.test_numpy_compat" name="test_numpy_ufuncs_reductions[nullable_float-minimum]" time="0.000" /><testcase classname="tests.indexes.test_numpy_compat" name="test_numpy_ufuncs_reductions[nullable_bool-maximum]" time="0.000" /><testcase classname="tests.indexes.test_numpy_compat" name="test_numpy_ufuncs_reductions[nullable_bool-minimum]" time="0.000" /><testcase classname="tests.indexes.test_numpy_compat" name="test_numpy_ufuncs_reductions[string-python-maximum]" time="0.000" /><testcase classname="tests.indexes.test_numpy_compat" name="test_numpy_ufuncs_reductions[string-python-minimum]" time="0.000" /><testcase classname="tests.indexes.test_numpy_compat" name="test_numpy_ufuncs_bitwise[bitwise_and]" time="0.000" /><testcase classname="tests.indexes.test_numpy_compat" name="test_numpy_ufuncs_bitwise[bitwise_or]" time="0.000" /><testcase classname="tests.indexes.test_numpy_compat" name="test_numpy_ufuncs_bitwise[bitwise_xor]" time="0.009" /></testsuite></testsuites>